This is pdfTeX, Version 3.14159265-2.6-1.40.17 (MiKTeX 2.9) (preloaded format=pdflatex 2016.9.4)  3 FEB 2017 06:25
entering extended mode
**./Guia07.tex
(Guia07.tex
LaTeX2e <2016/03/31>
Babel <3.9r> and hyphenation patterns for 75 language(s) loaded.
(tarea.cls
Document Class: tarea 2016/12/04 Estilo utilizado para la presentacion de las g
uias de TP de Investigacion Operativa, UTN FRCU, 2016

(C:\Users\Ramiro\Desktop\latex\Latex\miktex\texmfs\install\tex\latex\base\artic
le.cls
Document Class: article 2014/09/29 v1.4h Standard LaTeX document class

(C:\Users\Ramiro\Desktop\latex\Latex\miktex\texmfs\install\tex\latex\base\size1
2.clo
File: size12.clo 2014/09/29 v1.4h Standard LaTeX file (size option)
)
\c@part=\count79
\c@section=\count80
\c@subsection=\count81
\c@subsubsection=\count82
\c@paragraph=\count83
\c@subparagraph=\count84
\c@figure=\count85
\c@table=\count86
\abovecaptionskip=\skip41
\belowcaptionskip=\skip42
\bibindent=\dimen102
)
(C:\Users\Ramiro\Desktop\latex\Latex\miktex\texmfs\install\tex\latex\xcolor\xco
lor.sty
Package: xcolor 2016/05/11 v2.12 LaTeX color extensions (UK)

(C:\Users\Ramiro\Desktop\latex\Latex\miktex\texmfs\install\tex\latex\00miktex\c
olor.cfg
File: color.cfg 2016/01/02 v1.6 sample color configuration
)
Package xcolor Info: Driver file: pdftex.def on input line 225.

(C:\Users\Ramiro\Desktop\latex\Latex\miktex\texmfs\install\tex\latex\graphics-d
ef\pdftex.def
File: pdftex.def 2016/07/10 v0.06j Graphics/color for pdfTeX

(C:\Users\Ramiro\Desktop\latex\Latex\miktex\texmfs\install\tex\generic\oberdiek
\infwarerr.sty
Package: infwarerr 2016/05/16 v1.4 Providing info/warning/error messages (HO)
)
(C:\Users\Ramiro\Desktop\latex\Latex\miktex\texmfs\install\tex\generic\oberdiek
\ltxcmds.sty
Package: ltxcmds 2016/05/16 v1.23 LaTeX kernel commands for general use (HO)
)
\Gread@gobject=\count87
)
(C:\Users\Ramiro\Desktop\latex\Latex\miktex\texmfs\install\tex\latex\colortbl\c
olortbl.sty
Package: colortbl 2012/02/13 v1.0a Color table columns (DPC)

(C:\Users\Ramiro\Desktop\latex\Latex\miktex\texmfs\install\tex\latex\tools\arra
y.sty
Package: array 2014/10/28 v2.4c Tabular extension package (FMi)
\col@sep=\dimen103
\extrarowheight=\dimen104
\NC@list=\toks14
\extratabsurround=\skip43
\backup@length=\skip44
)
\everycr=\toks15
\minrowclearance=\skip45
)
\rownum=\count88
Package xcolor Info: Model `cmy' substituted by `cmy0' on input line 1348.
Package xcolor Info: Model `hsb' substituted by `rgb' on input line 1352.
Package xcolor Info: Model `RGB' extended on input line 1364.
Package xcolor Info: Model `HTML' substituted by `rgb' on input line 1366.
Package xcolor Info: Model `Hsb' substituted by `hsb' on input line 1367.
Package xcolor Info: Model `tHsb' substituted by `hsb' on input line 1368.
Package xcolor Info: Model `HSB' substituted by `hsb' on input line 1369.
Package xcolor Info: Model `Gray' substituted by `gray' on input line 1370.
Package xcolor Info: Model `wave' substituted by `hsb' on input line 1371.
)
(C:\Users\Ramiro\Desktop\latex\Latex\miktex\texmfs\install\tex\latex\geometry\g
eometry.sty
Package: geometry 2010/09/12 v5.6 Page Geometry

(C:\Users\Ramiro\Desktop\latex\Latex\miktex\texmfs\install\tex\latex\graphics\k
eyval.sty
Package: keyval 2014/10/28 v1.15 key=value parser (DPC)
\KV@toks@=\toks16
)
(C:\Users\Ramiro\Desktop\latex\Latex\miktex\texmfs\install\tex\generic\oberdiek
\ifpdf.sty
Package: ifpdf 2016/05/14 v3.1 Provides the ifpdf switch
)
(C:\Users\Ramiro\Desktop\latex\Latex\miktex\texmfs\install\tex\generic\oberdiek
\ifvtex.sty
Package: ifvtex 2016/05/16 v1.6 Detect VTeX and its facilities (HO)
Package ifvtex Info: VTeX not detected.
)
(C:\Users\Ramiro\Desktop\latex\Latex\miktex\texmfs\install\tex\generic\ifxetex\
ifxetex.sty
Package: ifxetex 2010/09/12 v0.6 Provides ifxetex conditional
)
\Gm@cnth=\count89
\Gm@cntv=\count90
\c@Gm@tempcnt=\count91
\Gm@bindingoffset=\dimen105
\Gm@wd@mp=\dimen106
\Gm@odd@mp=\dimen107
\Gm@even@mp=\dimen108
\Gm@layoutwidth=\dimen109
\Gm@layoutheight=\dimen110
\Gm@layouthoffset=\dimen111
\Gm@layoutvoffset=\dimen112
\Gm@dimlist=\toks17

(C:\Users\Ramiro\Desktop\latex\Latex\miktex\texmfs\install\tex\latex\geometry\g
eometry.cfg))
(C:\Users\Ramiro\Desktop\latex\Latex\miktex\texmfs\install\tex\generic\babel\ba
bel.sty
Package: babel 2016/04/23 3.9r The Babel package

*************************************
* Local config file bblopts.cfg used
*

(C:\Users\Ramiro\Desktop\latex\Latex\miktex\texmfs\install\tex\latex\arabi\bblo
pts.cfg
File: bblopts.cfg 2005/09/08 v0.1 add Arabic and Farsi to "declared" options of
 babel
)
(C:\Users\Ramiro\Desktop\latex\Latex\miktex\texmfs\install\tex\latex\babel-span
ish\spanish.ldf
Language: spanish.ldf 2016/03/03 v5.0p Spanish support from the babel system

(C:\Users\Ramiro\Desktop\latex\Latex\miktex\texmfs\install\tex\generic\babel\ba
bel.def
File: babel.def 2016/04/23 3.9r Babel common definitions
\babel@savecnt=\count92
\U@D=\dimen113
)
\es@quottoks=\toks18
\es@quotdepth=\count93
Package babel Info: Making " an active character on input line 561.
Package babel Info: Making < an active character on input line 707.
Package babel Info: Making > an active character on input line 707.
))
(C:\Users\Ramiro\Desktop\latex\Latex\miktex\texmfs\install\tex\latex\pgf\fronte
ndlayer\tikz.sty
(C:\Users\Ramiro\Desktop\latex\Latex\miktex\texmfs\install\tex\latex\pgf\basicl
ayer\pgf.sty
(C:\Users\Ramiro\Desktop\latex\Latex\miktex\texmfs\install\tex\latex\pgf\utilit
ies\pgfrcs.sty
(C:\Users\Ramiro\Desktop\latex\Latex\miktex\texmfs\install\tex\generic\pgf\util
ities\pgfutil-common.tex
\pgfutil@everybye=\toks19
\pgfutil@tempdima=\dimen114
\pgfutil@tempdimb=\dimen115

(C:\Users\Ramiro\Desktop\latex\Latex\miktex\texmfs\install\tex\generic\pgf\util
ities\pgfutil-common-lists.tex))
(C:\Users\Ramiro\Desktop\latex\Latex\miktex\texmfs\install\tex\generic\pgf\util
ities\pgfutil-latex.def
\pgfutil@abb=\box26

(C:\Users\Ramiro\Desktop\latex\Latex\miktex\texmfs\install\tex\latex\ms\everysh
i.sty
Package: everyshi 2001/05/15 v3.00 EveryShipout Package (MS)
))
(C:\Users\Ramiro\Desktop\latex\Latex\miktex\texmfs\install\tex\generic\pgf\util
ities\pgfrcs.code.tex
Package: pgfrcs 2015/08/07 v3.0.1a (rcs-revision 1.31)
))
Package: pgf 2015/08/07 v3.0.1a (rcs-revision 1.15)

(C:\Users\Ramiro\Desktop\latex\Latex\miktex\texmfs\install\tex\latex\pgf\basicl
ayer\pgfcore.sty
(C:\Users\Ramiro\Desktop\latex\Latex\miktex\texmfs\install\tex\latex\graphics\g
raphicx.sty
Package: graphicx 2014/10/28 v1.0g Enhanced LaTeX Graphics (DPC,SPQR)

(C:\Users\Ramiro\Desktop\latex\Latex\miktex\texmfs\install\tex\latex\graphics\g
raphics.sty
Package: graphics 2016/07/10 v1.0t Standard LaTeX Graphics (DPC,SPQR)

(C:\Users\Ramiro\Desktop\latex\Latex\miktex\texmfs\install\tex\latex\graphics\t
rig.sty
Package: trig 2016/01/03 v1.10 sin cos tan (DPC)
)
(C:\Users\Ramiro\Desktop\latex\Latex\miktex\texmfs\install\tex\latex\00miktex\g
raphics.cfg
File: graphics.cfg 2016/06/04 v1.11 sample graphics configuration
)
Package graphics Info: Driver file: pdftex.def on input line 99.
)
\Gin@req@height=\dimen116
\Gin@req@width=\dimen117
)
(C:\Users\Ramiro\Desktop\latex\Latex\miktex\texmfs\install\tex\latex\pgf\system
layer\pgfsys.sty
(C:\Users\Ramiro\Desktop\latex\Latex\miktex\texmfs\install\tex\generic\pgf\syst
emlayer\pgfsys.code.tex
Package: pgfsys 2014/07/09 v3.0.1a (rcs-revision 1.48)

(C:\Users\Ramiro\Desktop\latex\Latex\miktex\texmfs\install\tex\generic\pgf\util
ities\pgfkeys.code.tex
\pgfkeys@pathtoks=\toks20
\pgfkeys@temptoks=\toks21

(C:\Users\Ramiro\Desktop\latex\Latex\miktex\texmfs\install\tex\generic\pgf\util
ities\pgfkeysfiltered.code.tex
\pgfkeys@tmptoks=\toks22
))
\pgf@x=\dimen118
\pgf@y=\dimen119
\pgf@xa=\dimen120
\pgf@ya=\dimen121
\pgf@xb=\dimen122
\pgf@yb=\dimen123
\pgf@xc=\dimen124
\pgf@yc=\dimen125
\w@pgf@writea=\write3
\r@pgf@reada=\read1
\c@pgf@counta=\count94
\c@pgf@countb=\count95
\c@pgf@countc=\count96
\c@pgf@countd=\count97
\t@pgf@toka=\toks23
\t@pgf@tokb=\toks24
\t@pgf@tokc=\toks25

(C:\Users\Ramiro\Desktop\latex\Latex\miktex\texmfs\install\tex\generic\pgf\syst
emlayer\pgf.cfg
File: pgf.cfg 2008/05/14  (rcs-revision 1.7)
)
Driver file for pgf: pgfsys-pdftex.def

(C:\Users\Ramiro\Desktop\latex\Latex\miktex\texmfs\install\tex\generic\pgf\syst
emlayer\pgfsys-pdftex.def
File: pgfsys-pdftex.def 2014/10/11  (rcs-revision 1.35)

(C:\Users\Ramiro\Desktop\latex\Latex\miktex\texmfs\install\tex\generic\pgf\syst
emlayer\pgfsys-common-pdf.def
File: pgfsys-common-pdf.def 2013/10/10  (rcs-revision 1.13)
)))
(C:\Users\Ramiro\Desktop\latex\Latex\miktex\texmfs\install\tex\generic\pgf\syst
emlayer\pgfsyssoftpath.code.tex
File: pgfsyssoftpath.code.tex 2013/09/09  (rcs-revision 1.9)
\pgfsyssoftpath@smallbuffer@items=\count98
\pgfsyssoftpath@bigbuffer@items=\count99
)
(C:\Users\Ramiro\Desktop\latex\Latex\miktex\texmfs\install\tex\generic\pgf\syst
emlayer\pgfsysprotocol.code.tex
File: pgfsysprotocol.code.tex 2006/10/16  (rcs-revision 1.4)
))
(C:\Users\Ramiro\Desktop\latex\Latex\miktex\texmfs\install\tex\generic\pgf\basi
clayer\pgfcore.code.tex
Package: pgfcore 2010/04/11 v3.0.1a (rcs-revision 1.7)

(C:\Users\Ramiro\Desktop\latex\Latex\miktex\texmfs\install\tex\generic\pgf\math
\pgfmath.code.tex
(C:\Users\Ramiro\Desktop\latex\Latex\miktex\texmfs\install\tex\generic\pgf\math
\pgfmathcalc.code.tex
(C:\Users\Ramiro\Desktop\latex\Latex\miktex\texmfs\install\tex\generic\pgf\math
\pgfmathutil.code.tex)
(C:\Users\Ramiro\Desktop\latex\Latex\miktex\texmfs\install\tex\generic\pgf\math
\pgfmathparser.code.tex
\pgfmath@dimen=\dimen126
\pgfmath@count=\count100
\pgfmath@box=\box27
\pgfmath@toks=\toks26
\pgfmath@stack@operand=\toks27
\pgfmath@stack@operation=\toks28
)
(C:\Users\Ramiro\Desktop\latex\Latex\miktex\texmfs\install\tex\generic\pgf\math
\pgfmathfunctions.code.tex
(C:\Users\Ramiro\Desktop\latex\Latex\miktex\texmfs\install\tex\generic\pgf\math
\pgfmathfunctions.basic.code.tex)
(C:\Users\Ramiro\Desktop\latex\Latex\miktex\texmfs\install\tex\generic\pgf\math
\pgfmathfunctions.trigonometric.code.tex)
(C:\Users\Ramiro\Desktop\latex\Latex\miktex\texmfs\install\tex\generic\pgf\math
\pgfmathfunctions.random.code.tex)
(C:\Users\Ramiro\Desktop\latex\Latex\miktex\texmfs\install\tex\generic\pgf\math
\pgfmathfunctions.comparison.code.tex)
(C:\Users\Ramiro\Desktop\latex\Latex\miktex\texmfs\install\tex\generic\pgf\math
\pgfmathfunctions.base.code.tex)
(C:\Users\Ramiro\Desktop\latex\Latex\miktex\texmfs\install\tex\generic\pgf\math
\pgfmathfunctions.round.code.tex)
(C:\Users\Ramiro\Desktop\latex\Latex\miktex\texmfs\install\tex\generic\pgf\math
\pgfmathfunctions.misc.code.tex)
(C:\Users\Ramiro\Desktop\latex\Latex\miktex\texmfs\install\tex\generic\pgf\math
\pgfmathfunctions.integerarithmetics.code.tex)))
(C:\Users\Ramiro\Desktop\latex\Latex\miktex\texmfs\install\tex\generic\pgf\math
\pgfmathfloat.code.tex
\c@pgfmathroundto@lastzeros=\count101
))
(C:\Users\Ramiro\Desktop\latex\Latex\miktex\texmfs\install\tex\generic\pgf\basi
clayer\pgfcorepoints.code.tex
File: pgfcorepoints.code.tex 2013/10/07  (rcs-revision 1.27)
\pgf@picminx=\dimen127
\pgf@picmaxx=\dimen128
\pgf@picminy=\dimen129
\pgf@picmaxy=\dimen130
\pgf@pathminx=\dimen131
\pgf@pathmaxx=\dimen132
\pgf@pathminy=\dimen133
\pgf@pathmaxy=\dimen134
\pgf@xx=\dimen135
\pgf@xy=\dimen136
\pgf@yx=\dimen137
\pgf@yy=\dimen138
\pgf@zx=\dimen139
\pgf@zy=\dimen140
)
(C:\Users\Ramiro\Desktop\latex\Latex\miktex\texmfs\install\tex\generic\pgf\basi
clayer\pgfcorepathconstruct.code.tex
File: pgfcorepathconstruct.code.tex 2013/10/07  (rcs-revision 1.29)
\pgf@path@lastx=\dimen141
\pgf@path@lasty=\dimen142
)
(C:\Users\Ramiro\Desktop\latex\Latex\miktex\texmfs\install\tex\generic\pgf\basi
clayer\pgfcorepathusage.code.tex
File: pgfcorepathusage.code.tex 2014/11/02  (rcs-revision 1.24)
\pgf@shorten@end@additional=\dimen143
\pgf@shorten@start@additional=\dimen144
)
(C:\Users\Ramiro\Desktop\latex\Latex\miktex\texmfs\install\tex\generic\pgf\basi
clayer\pgfcorescopes.code.tex
File: pgfcorescopes.code.tex 2015/05/08  (rcs-revision 1.46)
\pgfpic=\box28
\pgf@hbox=\box29
\pgf@layerbox@main=\box30
\pgf@picture@serial@count=\count102
)
(C:\Users\Ramiro\Desktop\latex\Latex\miktex\texmfs\install\tex\generic\pgf\basi
clayer\pgfcoregraphicstate.code.tex
File: pgfcoregraphicstate.code.tex 2014/11/02  (rcs-revision 1.12)
\pgflinewidth=\dimen145
)
(C:\Users\Ramiro\Desktop\latex\Latex\miktex\texmfs\install\tex\generic\pgf\basi
clayer\pgfcoretransformations.code.tex
File: pgfcoretransformations.code.tex 2015/08/07  (rcs-revision 1.20)
\pgf@pt@x=\dimen146
\pgf@pt@y=\dimen147
\pgf@pt@temp=\dimen148
)
(C:\Users\Ramiro\Desktop\latex\Latex\miktex\texmfs\install\tex\generic\pgf\basi
clayer\pgfcorequick.code.tex
File: pgfcorequick.code.tex 2008/10/09  (rcs-revision 1.3)
)
(C:\Users\Ramiro\Desktop\latex\Latex\miktex\texmfs\install\tex\generic\pgf\basi
clayer\pgfcoreobjects.code.tex
File: pgfcoreobjects.code.tex 2006/10/11  (rcs-revision 1.2)
)
(C:\Users\Ramiro\Desktop\latex\Latex\miktex\texmfs\install\tex\generic\pgf\basi
clayer\pgfcorepathprocessing.code.tex
File: pgfcorepathprocessing.code.tex 2013/09/09  (rcs-revision 1.9)
)
(C:\Users\Ramiro\Desktop\latex\Latex\miktex\texmfs\install\tex\generic\pgf\basi
clayer\pgfcorearrows.code.tex
File: pgfcorearrows.code.tex 2015/05/14  (rcs-revision 1.43)
\pgfarrowsep=\dimen149
)
(C:\Users\Ramiro\Desktop\latex\Latex\miktex\texmfs\install\tex\generic\pgf\basi
clayer\pgfcoreshade.code.tex
File: pgfcoreshade.code.tex 2013/07/15  (rcs-revision 1.15)
\pgf@max=\dimen150
\pgf@sys@shading@range@num=\count103
)
(C:\Users\Ramiro\Desktop\latex\Latex\miktex\texmfs\install\tex\generic\pgf\basi
clayer\pgfcoreimage.code.tex
File: pgfcoreimage.code.tex 2013/07/15  (rcs-revision 1.18)

(C:\Users\Ramiro\Desktop\latex\Latex\miktex\texmfs\install\tex\generic\pgf\basi
clayer\pgfcoreexternal.code.tex
File: pgfcoreexternal.code.tex 2014/07/09  (rcs-revision 1.21)
\pgfexternal@startupbox=\box31
))
(C:\Users\Ramiro\Desktop\latex\Latex\miktex\texmfs\install\tex\generic\pgf\basi
clayer\pgfcorelayers.code.tex
File: pgfcorelayers.code.tex 2013/07/18  (rcs-revision 1.7)
)
(C:\Users\Ramiro\Desktop\latex\Latex\miktex\texmfs\install\tex\generic\pgf\basi
clayer\pgfcoretransparency.code.tex
File: pgfcoretransparency.code.tex 2013/09/30  (rcs-revision 1.5)
)
(C:\Users\Ramiro\Desktop\latex\Latex\miktex\texmfs\install\tex\generic\pgf\basi
clayer\pgfcorepatterns.code.tex
File: pgfcorepatterns.code.tex 2013/11/07  (rcs-revision 1.5)
)))
(C:\Users\Ramiro\Desktop\latex\Latex\miktex\texmfs\install\tex\generic\pgf\modu
les\pgfmoduleshapes.code.tex
File: pgfmoduleshapes.code.tex 2014/03/21  (rcs-revision 1.35)
\pgfnodeparttextbox=\box32
)
(C:\Users\Ramiro\Desktop\latex\Latex\miktex\texmfs\install\tex\generic\pgf\modu
les\pgfmoduleplot.code.tex
File: pgfmoduleplot.code.tex 2015/08/03  (rcs-revision 1.13)
)
(C:\Users\Ramiro\Desktop\latex\Latex\miktex\texmfs\install\tex\latex\pgf\compat
ibility\pgfcomp-version-0-65.sty
Package: pgfcomp-version-0-65 2007/07/03 v3.0.1a (rcs-revision 1.7)
\pgf@nodesepstart=\dimen151
\pgf@nodesepend=\dimen152
)
(C:\Users\Ramiro\Desktop\latex\Latex\miktex\texmfs\install\tex\latex\pgf\compat
ibility\pgfcomp-version-1-18.sty
Package: pgfcomp-version-1-18 2007/07/23 v3.0.1a (rcs-revision 1.1)
))
(C:\Users\Ramiro\Desktop\latex\Latex\miktex\texmfs\install\tex\latex\pgf\utilit
ies\pgffor.sty
(C:\Users\Ramiro\Desktop\latex\Latex\miktex\texmfs\install\tex\latex\pgf\utilit
ies\pgfkeys.sty
(C:\Users\Ramiro\Desktop\latex\Latex\miktex\texmfs\install\tex\generic\pgf\util
ities\pgfkeys.code.tex))
(C:\Users\Ramiro\Desktop\latex\Latex\miktex\texmfs\install\tex\latex\pgf\math\p
gfmath.sty
(C:\Users\Ramiro\Desktop\latex\Latex\miktex\texmfs\install\tex\generic\pgf\math
\pgfmath.code.tex))
(C:\Users\Ramiro\Desktop\latex\Latex\miktex\texmfs\install\tex\generic\pgf\util
ities\pgffor.code.tex
Package: pgffor 2013/12/13 v3.0.1a (rcs-revision 1.25)

(C:\Users\Ramiro\Desktop\latex\Latex\miktex\texmfs\install\tex\generic\pgf\math
\pgfmath.code.tex)
\pgffor@iter=\dimen153
\pgffor@skip=\dimen154
\pgffor@stack=\toks29
\pgffor@toks=\toks30
))
(C:\Users\Ramiro\Desktop\latex\Latex\miktex\texmfs\install\tex\generic\pgf\fron
tendlayer\tikz\tikz.code.tex
Package: tikz 2015/08/07 v3.0.1a (rcs-revision 1.151)

(C:\Users\Ramiro\Desktop\latex\Latex\miktex\texmfs\install\tex\generic\pgf\libr
aries\pgflibraryplothandlers.code.tex
File: pgflibraryplothandlers.code.tex 2013/08/31 v3.0.1a (rcs-revision 1.20)
\pgf@plot@mark@count=\count104
\pgfplotmarksize=\dimen155
)
\tikz@lastx=\dimen156
\tikz@lasty=\dimen157
\tikz@lastxsaved=\dimen158
\tikz@lastysaved=\dimen159
\tikzleveldistance=\dimen160
\tikzsiblingdistance=\dimen161
\tikz@figbox=\box33
\tikz@figbox@bg=\box34
\tikz@tempbox=\box35
\tikz@tempbox@bg=\box36
\tikztreelevel=\count105
\tikznumberofchildren=\count106
\tikznumberofcurrentchild=\count107
\tikz@fig@count=\count108

(C:\Users\Ramiro\Desktop\latex\Latex\miktex\texmfs\install\tex\generic\pgf\modu
les\pgfmodulematrix.code.tex
File: pgfmodulematrix.code.tex 2013/09/17  (rcs-revision 1.8)
\pgfmatrixcurrentrow=\count109
\pgfmatrixcurrentcolumn=\count110
\pgf@matrix@numberofcolumns=\count111
)
\tikz@expandcount=\count112

(C:\Users\Ramiro\Desktop\latex\Latex\miktex\texmfs\install\tex\generic\pgf\fron
tendlayer\tikz\libraries\tikzlibrarytopaths.code.tex
File: tikzlibrarytopaths.code.tex 2008/06/17 v3.0.1a (rcs-revision 1.2)
)))
(C:\Users\Ramiro\Desktop\latex\Latex\miktex\texmfs\install\tex\latex\graphics\e
psfig.sty
Package: epsfig 1999/02/16 v1.7a (e)psfig emulation (SPQR)
\epsfxsize=\dimen162
\epsfysize=\dimen163
)
(C:\Users\Ramiro\Desktop\latex\Latex\miktex\texmfs\install\tex\latex\base\input
enc.sty
Package: inputenc 2015/03/17 v1.2c Input encoding file
\inpenc@prehook=\toks31
\inpenc@posthook=\toks32

(C:\Users\Ramiro\Desktop\latex\Latex\miktex\texmfs\install\tex\latex\base\utf8.
def
File: utf8.def 2016/02/28 v1.1s UTF-8 support for inputenc
Now handling font encoding OML ...
... no UTF-8 mapping file for font encoding OML
Now handling font encoding T1 ...
... processing UTF-8 mapping file for font encoding T1

(C:\Users\Ramiro\Desktop\latex\Latex\miktex\texmfs\install\tex\latex\base\t1enc
.dfu
File: t1enc.dfu 2016/02/28 v1.1s UTF-8 support for inputenc
   defining Unicode char U+00A0 (decimal 160)
   defining Unicode char U+00A1 (decimal 161)
   defining Unicode char U+00A3 (decimal 163)
   defining Unicode char U+00AB (decimal 171)
   defining Unicode char U+00AD (decimal 173)
   defining Unicode char U+00BB (decimal 187)
   defining Unicode char U+00BF (decimal 191)
   defining Unicode char U+00C0 (decimal 192)
   defining Unicode char U+00C1 (decimal 193)
   defining Unicode char U+00C2 (decimal 194)
   defining Unicode char U+00C3 (decimal 195)
   defining Unicode char U+00C4 (decimal 196)
   defining Unicode char U+00C5 (decimal 197)
   defining Unicode char U+00C6 (decimal 198)
   defining Unicode char U+00C7 (decimal 199)
   defining Unicode char U+00C8 (decimal 200)
   defining Unicode char U+00C9 (decimal 201)
   defining Unicode char U+00CA (decimal 202)
   defining Unicode char U+00CB (decimal 203)
   defining Unicode char U+00CC (decimal 204)
   defining Unicode char U+00CD (decimal 205)
   defining Unicode char U+00CE (decimal 206)
   defining Unicode char U+00CF (decimal 207)
   defining Unicode char U+00D0 (decimal 208)
   defining Unicode char U+00D1 (decimal 209)
   defining Unicode char U+00D2 (decimal 210)
   defining Unicode char U+00D3 (decimal 211)
   defining Unicode char U+00D4 (decimal 212)
   defining Unicode char U+00D5 (decimal 213)
   defining Unicode char U+00D6 (decimal 214)
   defining Unicode char U+00D8 (decimal 216)
   defining Unicode char U+00D9 (decimal 217)
   defining Unicode char U+00DA (decimal 218)
   defining Unicode char U+00DB (decimal 219)
   defining Unicode char U+00DC (decimal 220)
   defining Unicode char U+00DD (decimal 221)
   defining Unicode char U+00DE (decimal 222)
   defining Unicode char U+00DF (decimal 223)
   defining Unicode char U+00E0 (decimal 224)
   defining Unicode char U+00E1 (decimal 225)
   defining Unicode char U+00E2 (decimal 226)
   defining Unicode char U+00E3 (decimal 227)
   defining Unicode char U+00E4 (decimal 228)
   defining Unicode char U+00E5 (decimal 229)
   defining Unicode char U+00E6 (decimal 230)
   defining Unicode char U+00E7 (decimal 231)
   defining Unicode char U+00E8 (decimal 232)
   defining Unicode char U+00E9 (decimal 233)
   defining Unicode char U+00EA (decimal 234)
   defining Unicode char U+00EB (decimal 235)
   defining Unicode char U+00EC (decimal 236)
   defining Unicode char U+00ED (decimal 237)
   defining Unicode char U+00EE (decimal 238)
   defining Unicode char U+00EF (decimal 239)
   defining Unicode char U+00F0 (decimal 240)
   defining Unicode char U+00F1 (decimal 241)
   defining Unicode char U+00F2 (decimal 242)
   defining Unicode char U+00F3 (decimal 243)
   defining Unicode char U+00F4 (decimal 244)
   defining Unicode char U+00F5 (decimal 245)
   defining Unicode char U+00F6 (decimal 246)
   defining Unicode char U+00F8 (decimal 248)
   defining Unicode char U+00F9 (decimal 249)
   defining Unicode char U+00FA (decimal 250)
   defining Unicode char U+00FB (decimal 251)
   defining Unicode char U+00FC (decimal 252)
   defining Unicode char U+00FD (decimal 253)
   defining Unicode char U+00FE (decimal 254)
   defining Unicode char U+00FF (decimal 255)
   defining Unicode char U+0100 (decimal 256)
   defining Unicode char U+0101 (decimal 257)
   defining Unicode char U+0102 (decimal 258)
   defining Unicode char U+0103 (decimal 259)
   defining Unicode char U+0104 (decimal 260)
   defining Unicode char U+0105 (decimal 261)
   defining Unicode char U+0106 (decimal 262)
   defining Unicode char U+0107 (decimal 263)
   defining Unicode char U+0108 (decimal 264)
   defining Unicode char U+0109 (decimal 265)
   defining Unicode char U+010A (decimal 266)
   defining Unicode char U+010B (decimal 267)
   defining Unicode char U+010C (decimal 268)
   defining Unicode char U+010D (decimal 269)
   defining Unicode char U+010E (decimal 270)
   defining Unicode char U+010F (decimal 271)
   defining Unicode char U+0110 (decimal 272)
   defining Unicode char U+0111 (decimal 273)
   defining Unicode char U+0112 (decimal 274)
   defining Unicode char U+0113 (decimal 275)
   defining Unicode char U+0114 (decimal 276)
   defining Unicode char U+0115 (decimal 277)
   defining Unicode char U+0116 (decimal 278)
   defining Unicode char U+0117 (decimal 279)
   defining Unicode char U+0118 (decimal 280)
   defining Unicode char U+0119 (decimal 281)
   defining Unicode char U+011A (decimal 282)
   defining Unicode char U+011B (decimal 283)
   defining Unicode char U+011C (decimal 284)
   defining Unicode char U+011D (decimal 285)
   defining Unicode char U+011E (decimal 286)
   defining Unicode char U+011F (decimal 287)
   defining Unicode char U+0120 (decimal 288)
   defining Unicode char U+0121 (decimal 289)
   defining Unicode char U+0122 (decimal 290)
   defining Unicode char U+0123 (decimal 291)
   defining Unicode char U+0124 (decimal 292)
   defining Unicode char U+0125 (decimal 293)
   defining Unicode char U+0128 (decimal 296)
   defining Unicode char U+0129 (decimal 297)
   defining Unicode char U+012A (decimal 298)
   defining Unicode char U+012B (decimal 299)
   defining Unicode char U+012C (decimal 300)
   defining Unicode char U+012D (decimal 301)
   defining Unicode char U+012E (decimal 302)
   defining Unicode char U+012F (decimal 303)
   defining Unicode char U+0130 (decimal 304)
   defining Unicode char U+0131 (decimal 305)
   defining Unicode char U+0132 (decimal 306)
   defining Unicode char U+0133 (decimal 307)
   defining Unicode char U+0134 (decimal 308)
   defining Unicode char U+0135 (decimal 309)
   defining Unicode char U+0136 (decimal 310)
   defining Unicode char U+0137 (decimal 311)
   defining Unicode char U+0139 (decimal 313)
   defining Unicode char U+013A (decimal 314)
   defining Unicode char U+013B (decimal 315)
   defining Unicode char U+013C (decimal 316)
   defining Unicode char U+013D (decimal 317)
   defining Unicode char U+013E (decimal 318)
   defining Unicode char U+0141 (decimal 321)
   defining Unicode char U+0142 (decimal 322)
   defining Unicode char U+0143 (decimal 323)
   defining Unicode char U+0144 (decimal 324)
   defining Unicode char U+0145 (decimal 325)
   defining Unicode char U+0146 (decimal 326)
   defining Unicode char U+0147 (decimal 327)
   defining Unicode char U+0148 (decimal 328)
   defining Unicode char U+014A (decimal 330)
   defining Unicode char U+014B (decimal 331)
   defining Unicode char U+014C (decimal 332)
   defining Unicode char U+014D (decimal 333)
   defining Unicode char U+014E (decimal 334)
   defining Unicode char U+014F (decimal 335)
   defining Unicode char U+0150 (decimal 336)
   defining Unicode char U+0151 (decimal 337)
   defining Unicode char U+0152 (decimal 338)
   defining Unicode char U+0153 (decimal 339)
   defining Unicode char U+0154 (decimal 340)
   defining Unicode char U+0155 (decimal 341)
   defining Unicode char U+0156 (decimal 342)
   defining Unicode char U+0157 (decimal 343)
   defining Unicode char U+0158 (decimal 344)
   defining Unicode char U+0159 (decimal 345)
   defining Unicode char U+015A (decimal 346)
   defining Unicode char U+015B (decimal 347)
   defining Unicode char U+015C (decimal 348)
   defining Unicode char U+015D (decimal 349)
   defining Unicode char U+015E (decimal 350)
   defining Unicode char U+015F (decimal 351)
   defining Unicode char U+0160 (decimal 352)
   defining Unicode char U+0161 (decimal 353)
   defining Unicode char U+0162 (decimal 354)
   defining Unicode char U+0163 (decimal 355)
   defining Unicode char U+0164 (decimal 356)
   defining Unicode char U+0165 (decimal 357)
   defining Unicode char U+0168 (decimal 360)
   defining Unicode char U+0169 (decimal 361)
   defining Unicode char U+016A (decimal 362)
   defining Unicode char U+016B (decimal 363)
   defining Unicode char U+016C (decimal 364)
   defining Unicode char U+016D (decimal 365)
   defining Unicode char U+016E (decimal 366)
   defining Unicode char U+016F (decimal 367)
   defining Unicode char U+0170 (decimal 368)
   defining Unicode char U+0171 (decimal 369)
   defining Unicode char U+0172 (decimal 370)
   defining Unicode char U+0173 (decimal 371)
   defining Unicode char U+0174 (decimal 372)
   defining Unicode char U+0175 (decimal 373)
   defining Unicode char U+0176 (decimal 374)
   defining Unicode char U+0177 (decimal 375)
   defining Unicode char U+0178 (decimal 376)
   defining Unicode char U+0179 (decimal 377)
   defining Unicode char U+017A (decimal 378)
   defining Unicode char U+017B (decimal 379)
   defining Unicode char U+017C (decimal 380)
   defining Unicode char U+017D (decimal 381)
   defining Unicode char U+017E (decimal 382)
   defining Unicode char U+01CD (decimal 461)
   defining Unicode char U+01CE (decimal 462)
   defining Unicode char U+01CF (decimal 463)
   defining Unicode char U+01D0 (decimal 464)
   defining Unicode char U+01D1 (decimal 465)
   defining Unicode char U+01D2 (decimal 466)
   defining Unicode char U+01D3 (decimal 467)
   defining Unicode char U+01D4 (decimal 468)
   defining Unicode char U+01E2 (decimal 482)
   defining Unicode char U+01E3 (decimal 483)
   defining Unicode char U+01E6 (decimal 486)
   defining Unicode char U+01E7 (decimal 487)
   defining Unicode char U+01E8 (decimal 488)
   defining Unicode char U+01E9 (decimal 489)
   defining Unicode char U+01EA (decimal 490)
   defining Unicode char U+01EB (decimal 491)
   defining Unicode char U+01F0 (decimal 496)
   defining Unicode char U+01F4 (decimal 500)
   defining Unicode char U+01F5 (decimal 501)
   defining Unicode char U+0218 (decimal 536)
   defining Unicode char U+0219 (decimal 537)
   defining Unicode char U+021A (decimal 538)
   defining Unicode char U+021B (decimal 539)
   defining Unicode char U+1E02 (decimal 7682)
   defining Unicode char U+1E03 (decimal 7683)
   defining Unicode char U+200C (decimal 8204)
   defining Unicode char U+2010 (decimal 8208)
   defining Unicode char U+2011 (decimal 8209)
   defining Unicode char U+2012 (decimal 8210)
   defining Unicode char U+2013 (decimal 8211)
   defining Unicode char U+2014 (decimal 8212)
   defining Unicode char U+2015 (decimal 8213)
   defining Unicode char U+2018 (decimal 8216)
   defining Unicode char U+2019 (decimal 8217)
   defining Unicode char U+201A (decimal 8218)
   defining Unicode char U+201C (decimal 8220)
   defining Unicode char U+201D (decimal 8221)
   defining Unicode char U+201E (decimal 8222)
   defining Unicode char U+2030 (decimal 8240)
   defining Unicode char U+2031 (decimal 8241)
   defining Unicode char U+2039 (decimal 8249)
   defining Unicode char U+203A (decimal 8250)
   defining Unicode char U+2423 (decimal 9251)
)
Now handling font encoding OT1 ...
... processing UTF-8 mapping file for font encoding OT1

(C:\Users\Ramiro\Desktop\latex\Latex\miktex\texmfs\install\tex\latex\base\ot1en
c.dfu
File: ot1enc.dfu 2016/02/28 v1.1s UTF-8 support for inputenc
   defining Unicode char U+00A0 (decimal 160)
   defining Unicode char U+00A1 (decimal 161)
   defining Unicode char U+00A3 (decimal 163)
   defining Unicode char U+00AD (decimal 173)
   defining Unicode char U+00B8 (decimal 184)
   defining Unicode char U+00BF (decimal 191)
   defining Unicode char U+00C5 (decimal 197)
   defining Unicode char U+00C6 (decimal 198)
   defining Unicode char U+00D8 (decimal 216)
   defining Unicode char U+00DF (decimal 223)
   defining Unicode char U+00E6 (decimal 230)
   defining Unicode char U+00EC (decimal 236)
   defining Unicode char U+00ED (decimal 237)
   defining Unicode char U+00EE (decimal 238)
   defining Unicode char U+00EF (decimal 239)
   defining Unicode char U+00F8 (decimal 248)
   defining Unicode char U+0131 (decimal 305)
   defining Unicode char U+0141 (decimal 321)
   defining Unicode char U+0142 (decimal 322)
   defining Unicode char U+0152 (decimal 338)
   defining Unicode char U+0153 (decimal 339)
   defining Unicode char U+0174 (decimal 372)
   defining Unicode char U+0175 (decimal 373)
   defining Unicode char U+0176 (decimal 374)
   defining Unicode char U+0177 (decimal 375)
   defining Unicode char U+0218 (decimal 536)
   defining Unicode char U+0219 (decimal 537)
   defining Unicode char U+021A (decimal 538)
   defining Unicode char U+021B (decimal 539)
   defining Unicode char U+2013 (decimal 8211)
   defining Unicode char U+2014 (decimal 8212)
   defining Unicode char U+2018 (decimal 8216)
   defining Unicode char U+2019 (decimal 8217)
   defining Unicode char U+201C (decimal 8220)
   defining Unicode char U+201D (decimal 8221)
)
Now handling font encoding OMS ...
... processing UTF-8 mapping file for font encoding OMS

(C:\Users\Ramiro\Desktop\latex\Latex\miktex\texmfs\install\tex\latex\base\omsen
c.dfu
File: omsenc.dfu 2016/02/28 v1.1s UTF-8 support for inputenc
   defining Unicode char U+00A7 (decimal 167)
   defining Unicode char U+00B6 (decimal 182)
   defining Unicode char U+00B7 (decimal 183)
   defining Unicode char U+2020 (decimal 8224)
   defining Unicode char U+2021 (decimal 8225)
   defining Unicode char U+2022 (decimal 8226)
)
Now handling font encoding OMX ...
... no UTF-8 mapping file for font encoding OMX
Now handling font encoding U ...
... no UTF-8 mapping file for font encoding U
   defining Unicode char U+00A9 (decimal 169)
   defining Unicode char U+00AA (decimal 170)
   defining Unicode char U+00AE (decimal 174)
   defining Unicode char U+00BA (decimal 186)
   defining Unicode char U+02C6 (decimal 710)
   defining Unicode char U+02DC (decimal 732)
   defining Unicode char U+200C (decimal 8204)
   defining Unicode char U+2026 (decimal 8230)
   defining Unicode char U+2122 (decimal 8482)
   defining Unicode char U+2423 (decimal 9251)
))
(C:\Users\Ramiro\Desktop\latex\Latex\miktex\texmfs\install\tex\latex\tkz-graph\
tkz-graph.sty
Package: tkz-graph 2011/06/01 ctan v 1.00 base for graphs

(C:\Users\Ramiro\Desktop\latex\Latex\miktex\texmfs\install\tex\latex\misc\etex.
sty
Package: etex 2016/08/01 v2.7 eTeX basic definition package (PEB,DPC)
\et@xins=\count113
)
(C:\Users\Ramiro\Desktop\latex\Latex\miktex\texmfs\install\tex\latex\base\ifthe
n.sty
Package: ifthen 2014/09/29 v1.1c Standard LaTeX ifthen package (DPC)
)
(C:\Users\Ramiro\Desktop\latex\Latex\miktex\texmfs\install\tex\latex\xkeyval\xk
eyval.sty
Package: xkeyval 2014/12/03 v2.7a package option processing (HA)

(C:\Users\Ramiro\Desktop\latex\Latex\miktex\texmfs\install\tex\generic\xkeyval\
xkeyval.tex
(C:\Users\Ramiro\Desktop\latex\Latex\miktex\texmfs\install\tex\generic\xkeyval\
xkvutils.tex
\XKV@toks=\toks33
\XKV@tempa@toks=\toks34
)
\XKV@depth=\count114
File: xkeyval.tex 2014/12/03 v2.7a key=value parser (HA)
))
(C:\Users\Ramiro\Desktop\latex\Latex\miktex\texmfs\install\tex\generic\pgf\fron
tendlayer\tikz\libraries\tikzlibraryarrows.code.tex
File: tikzlibraryarrows.code.tex 2008/01/09 v3.0.1a (rcs-revision 1.1)

(C:\Users\Ramiro\Desktop\latex\Latex\miktex\texmfs\install\tex\generic\pgf\libr
aries\pgflibraryarrows.code.tex
File: pgflibraryarrows.code.tex 2013/09/23 v3.0.1a (rcs-revision 1.16)
\arrowsize=\dimen164
))
\c@tkz@gr@a=\count115
\c@tkz@gr@b=\count116
\c@tkz@gr@c=\count117
\c@tkz@gr@e=\count118
\c@tkz@gr@d=\count119
\c@tkz@gr@p=\count120
\c@tkz@gr@i=\count121
\c@tkz@gr@n=\count122
\c@tkz@gr@ta=\count123
\c@tkz@gr@tb=\count124
)
(C:\Users\Ramiro\Desktop\latex\Latex\miktex\texmfs\install\tex\latex\base\latex
sym.sty
Package: latexsym 1998/08/17 v2.2e Standard LaTeX package (lasy symbols)
\symlasy=\mathgroup4
LaTeX Font Info:    Overwriting symbol font `lasy' in version `bold'
(Font)                  U/lasy/m/n --> U/lasy/b/n on input line 52.
)
(C:\Users\Ramiro\Desktop\latex\Latex\miktex\texmfs\install\tex\latex\amsmath\am
smath.sty
Package: amsmath 2016/06/28 v2.15d AMS math features
\@mathmargin=\skip46

For additional information on amsmath, use the `?' option.

(C:\Users\Ramiro\Desktop\latex\Latex\miktex\texmfs\install\tex\latex\amsmath\am
stext.sty
Package: amstext 2000/06/29 v2.01 AMS text

(C:\Users\Ramiro\Desktop\latex\Latex\miktex\texmfs\install\tex\latex\amsmath\am
sgen.sty
File: amsgen.sty 1999/11/30 v2.0 generic functions
\@emptytoks=\toks35
\ex@=\dimen165
))
(C:\Users\Ramiro\Desktop\latex\Latex\miktex\texmfs\install\tex\latex\amsmath\am
sbsy.sty
Package: amsbsy 1999/11/29 v1.2d Bold Symbols
\pmbraise@=\dimen166
)
(C:\Users\Ramiro\Desktop\latex\Latex\miktex\texmfs\install\tex\latex\amsmath\am
sopn.sty
Package: amsopn 2016/03/08 v2.02 operator names
)
\inf@bad=\count125
LaTeX Info: Redefining \frac on input line 199.
\uproot@=\count126
\leftroot@=\count127
LaTeX Info: Redefining \overline on input line 297.
\classnum@=\count128
\DOTSCASE@=\count129
LaTeX Info: Redefining \ldots on input line 394.
LaTeX Info: Redefining \dots on input line 397.
LaTeX Info: Redefining \cdots on input line 518.
\Mathstrutbox@=\box37
\strutbox@=\box38
\big@size=\dimen167
LaTeX Font Info:    Redeclaring font encoding OML on input line 634.
LaTeX Font Info:    Redeclaring font encoding OMS on input line 635.
\macc@depth=\count130
\c@MaxMatrixCols=\count131
\dotsspace@=\muskip10
\c@parentequation=\count132
\dspbrk@lvl=\count133
\tag@help=\toks36
\row@=\count134
\column@=\count135
\maxfields@=\count136
\andhelp@=\toks37
\eqnshift@=\dimen168
\alignsep@=\dimen169
\tagshift@=\dimen170
\tagwidth@=\dimen171
\totwidth@=\dimen172
\lineht@=\dimen173
\@envbody=\toks38
\multlinegap=\skip47
\multlinetaggap=\skip48
\mathdisplay@stack=\toks39
LaTeX Info: Redefining \[ on input line 2739.
LaTeX Info: Redefining \] on input line 2740.
)
(C:\Users\Ramiro\Desktop\latex\Latex\miktex\texmfs\install\tex\latex\tabulary\t
abulary.sty
Package: tabulary 2014/06/11 v0.10 tabulary package (DPC)
\TY@count=\count137
\TY@linewidth=\dimen174
\tymin=\dimen175
\tymax=\dimen176
\TY@tablewidth=\dimen177
)
(C:\Users\Ramiro\Desktop\latex\Latex\miktex\texmfs\install\tex\latex\amsfonts\a
msfonts.sty
Package: amsfonts 2013/01/14 v3.01 Basic AMSFonts support
\symAMSa=\mathgroup5
\symAMSb=\mathgroup6
LaTeX Font Info:    Overwriting math alphabet `\mathfrak' in version `bold'
(Font)                  U/euf/m/n --> U/euf/b/n on input line 106.
)
(C:\Users\Ramiro\Desktop\latex\Latex\miktex\texmfs\install\tex\latex\amsfonts\a
mssymb.sty
Package: amssymb 2013/01/14 v3.01 AMS font symbols
)
(C:\Users\Ramiro\Desktop\latex\Latex\miktex\texmfs\install\tex\latex\amscls\ams
thm.sty
Package: amsthm 2015/03/04 v2.20.2
\thm@style=\toks40
\thm@bodyfont=\toks41
\thm@headfont=\toks42
\thm@notefont=\toks43
\thm@headpunct=\toks44
\thm@preskip=\skip49
\thm@postskip=\skip50
\thm@headsep=\skip51
\dth@everypar=\toks45
)
(C:\Users\Ramiro\Desktop\latex\Latex\miktex\texmfs\install\tex\latex\fancyhdr\f
ancyhdr.sty
Package: fancyhdr 2016/09/06 3.8 Extensive control of page headers and footers
\fancy@headwidth=\skip52
\f@ncyO@elh=\skip53
\f@ncyO@erh=\skip54
\f@ncyO@olh=\skip55
\f@ncyO@orh=\skip56
\f@ncyO@elf=\skip57
\f@ncyO@erf=\skip58
\f@ncyO@olf=\skip59
\f@ncyO@orf=\skip60
)
(C:\Users\Ramiro\Desktop\latex\Latex\miktex\texmfs\install\tex\latex\fancyhdr\e
xtramarks.sty
Package: extramarks 2016/08/27 2.1 Extra marks
\@temptokenb=\toks46
)
(C:\Users\Ramiro\Desktop\latex\Latex\miktex\texmfs\install\tex\latex\algorithms
\algorithm.sty
Package: algorithm 2009/08/24 v0.1 Document Style `algorithm' - floating enviro
nment

(C:\Users\Ramiro\Desktop\latex\Latex\miktex\texmfs\install\tex\latex\float\floa
t.sty
Package: float 2001/11/08 v1.3d Float enhancements (AL)
\c@float@type=\count138
\float@exts=\toks47
\float@box=\box39
\@float@everytoks=\toks48
\@floatcapt=\box40
)
\@float@every@algorithm=\toks49
\c@algorithm=\count139
)
(C:\Users\Ramiro\Desktop\latex\Latex\miktex\texmfs\install\tex\latex\algorithmi
cx\algpseudocode.sty
Package: algpseudocode 

(C:\Users\Ramiro\Desktop\latex\Latex\miktex\texmfs\install\tex\latex\algorithmi
cx\algorithmicx.sty
Package: algorithmicx 2005/04/27 v1.2 Algorithmicx

Document Style algorithmicx 1.2 - a greatly improved `algorithmic' style
\c@ALG@line=\count140
\c@ALG@rem=\count141
\c@ALG@nested=\count142
\ALG@tlm=\skip61
\ALG@thistlm=\skip62
\c@ALG@Lnr=\count143
\c@ALG@blocknr=\count144
\c@ALG@storecount=\count145
\c@ALG@tmpcounter=\count146
\ALG@tmplength=\skip63
)
Document Style - pseudocode environments for use with the `algorithmicx' style
)
(C:\Users\Ramiro\Desktop\latex\Latex\miktex\texmfs\install\tex\latex\fmtcount\f
mtcount.sty
Package: fmtcount 2015/05/05 v3.01

(C:\Users\Ramiro\Desktop\latex\Latex\miktex\texmfs\install\tex\latex\etoolbox\e
toolbox.sty
Package: etoolbox 2015/08/02 v2.2a e-TeX tools for LaTeX (JAW)
\etb@tempcnta=\count147
)
(C:\Users\Ramiro\Desktop\latex\Latex\miktex\texmfs\install\tex\latex\fmtcount\f
cprefix.sty
Package: fcprefix 2012/09/28

(C:\Users\Ramiro\Desktop\latex\Latex\miktex\texmfs\install\tex\latex\fmtcount\f
cnumparser.sty
Package: fcnumparser 2012/09/28
\fc@digit@counter=\count148
))
\c@padzeroesN=\count149
\fc@tmpcatcode=\count150
\@DT@modctr=\count151
\@ordinalctr=\count152
\@orgargctr=\count153
\@strctr=\count154
\@tmpstrctr=\count155
\@DT@loopN=\count156
\@DT@X=\count157
)
(C:\Users\Ramiro\Desktop\latex\Latex\miktex\texmfs\install\tex\latex\eurosym\eu
rosym.sty
Package: eurosym 1998/08/06 v1.1 European currency symbol ``Euro''
\@eurobox=\box41
)
(C:\Users\Ramiro\Desktop\latex\Latex\miktex\texmfs\install\tex\latex\needspace\
needspace.sty
Package: needspace 2010/09/12 v1.3d reserve vertical space
)
(C:\Users\Ramiro\Desktop\latex\Latex\miktex\texmfs\install\tex\latex\multirow\b
igstrut.sty
\bigstrutjot=\dimen178
)
(C:\Users\Ramiro\Desktop\latex\Latex\miktex\texmfs\install\tex\latex\url\url.st
y
\Urlmuskip=\muskip11
Package: url 2013/09/16  ver 3.4  Verb mode for urls, etc.
)
(C:\Users\Ramiro\Desktop\latex\Latex\miktex\texmfs\install\tex\latex\listings\l
istings.sty
\lst@mode=\count158
\lst@gtempboxa=\box42
\lst@token=\toks50
\lst@length=\count159
\lst@currlwidth=\dimen179
\lst@column=\count160
\lst@pos=\count161
\lst@lostspace=\dimen180
\lst@width=\dimen181
\lst@newlines=\count162
\lst@lineno=\count163
\lst@maxwidth=\dimen182

(C:\Users\Ramiro\Desktop\latex\Latex\miktex\texmfs\install\tex\latex\listings\l
stmisc.sty
File: lstmisc.sty 2015/06/04 1.6 (Carsten Heinz)
\c@lstnumber=\count164
\lst@skipnumbers=\count165
\lst@framebox=\box43
)
(C:\Users\Ramiro\Desktop\latex\Latex\miktex\texmfs\install\tex\latex\listings\l
istings.cfg
File: listings.cfg 2015/06/04 1.6 listings configuration
))
Package: listings 2015/06/04 1.6 (Carsten Heinz)

(C:\Users\Ramiro\Desktop\latex\Latex\miktex\texmfs\install\tex\latex\tools\tabu
larx.sty
Package: tabularx 2016/02/03 v2.11 `tabularx' package (DPC)
\TX@col@width=\dimen183
\TX@old@table=\dimen184
\TX@old@col=\dimen185
\TX@target=\dimen186
\TX@delta=\dimen187
\TX@cols=\count166
\TX@ftn=\toks51
)
(C:\Users\Ramiro\Desktop\latex\Latex\miktex\texmfs\install\tex\latex\l3packages
\xparse\xparse.sty
(C:\Users\Ramiro\Desktop\latex\Latex\miktex\texmfs\install\tex\latex\l3kernel\e
xpl3.sty
Package: expl3 2016/05/18 v6512 L3 programming layer (loader) 

(C:\Users\Ramiro\Desktop\latex\Latex\miktex\texmfs\install\tex\latex\l3kernel\e
xpl3-code.tex
Package: expl3 2016/05/18 v6512 L3 programming layer (code)
L3 Module: l3bootstrap 2016/02/12 v6412 L3 Bootstrap code
L3 Module: l3names 2016/03/11 v6433 L3 Namespace for primitives
L3 Module: l3basics 2015/11/22 v6315 L3 Basic definitions
L3 Module: l3expan 2015/09/10 v5983 L3 Argument expansion
L3 Module: l3tl 2016/03/26 v6465 L3 Token lists
L3 Module: l3str 2016/03/24 v6441 L3 Strings
L3 Module: l3seq 2015/08/05 v5777 L3 Sequences and stacks
L3 Module: l3int 2016/03/24 v6441 L3 Integers
\c_max_int=\count167
\l_tmpa_int=\count168
\l_tmpb_int=\count169
\g_tmpa_int=\count170
\g_tmpb_int=\count171
L3 Module: l3quark 2015/08/17 v5855 L3 Quarks
L3 Module: l3prg 2015/11/01 v6216 L3 Control structures
\g__prg_map_int=\count172
L3 Module: l3clist 2015/09/02 v5901 L3 Comma separated lists
L3 Module: l3token 2016/04/03 v6470 L3 Experimental token manipulation
L3 Module: l3prop 2016/01/05 v6366 L3 Property lists
L3 Module: l3msg 2016/03/26 v6464 L3 Messages
L3 Module: l3file 2016/03/25 v6458 L3 File and I/O operations
\l_iow_line_count_int=\count173
\l__iow_target_count_int=\count174
\l__iow_current_line_int=\count175
\l__iow_current_word_int=\count176
\l__iow_current_indentation_int=\count177
L3 Module: l3skip 2016/01/05 v6366 L3 Dimensions and skips
\c_zero_dim=\dimen188
\c_max_dim=\dimen189
\l_tmpa_dim=\dimen190
\l_tmpb_dim=\dimen191
\g_tmpa_dim=\dimen192
\g_tmpb_dim=\dimen193
\c_zero_skip=\skip64
\c_max_skip=\skip65
\l_tmpa_skip=\skip66
\l_tmpb_skip=\skip67
\g_tmpa_skip=\skip68
\g_tmpb_skip=\skip69
\c_zero_muskip=\muskip12
\c_max_muskip=\muskip13
\l_tmpa_muskip=\muskip14
\l_tmpb_muskip=\muskip15
\g_tmpa_muskip=\muskip16
\g_tmpb_muskip=\muskip17
L3 Module: l3keys 2015/11/17 v6284 L3 Key-value interfaces
\g__keyval_level_int=\count178
\l_keys_choice_int=\count179
L3 Module: l3fp 2016/03/26 v6465 L3 Floating points
\c__fp_leading_shift_int=\count180
\c__fp_middle_shift_int=\count181
\c__fp_trailing_shift_int=\count182
\c__fp_big_leading_shift_int=\count183
\c__fp_big_middle_shift_int=\count184
\c__fp_big_trailing_shift_int=\count185
\c__fp_Bigg_leading_shift_int=\count186
\c__fp_Bigg_middle_shift_int=\count187
\c__fp_Bigg_trailing_shift_int=\count188
L3 Module: l3box 2015/08/09 v5822 L3 Experimental boxes
\c_empty_box=\box44
\l_tmpa_box=\box45
\l_tmpb_box=\box46
\g_tmpa_box=\box47
\g_tmpb_box=\box48
L3 Module: l3coffins 2016/05/17 v6508 L3 Coffin code layer
\l__coffin_internal_box=\box49
\l__coffin_internal_dim=\dimen194
\l__coffin_offset_x_dim=\dimen195
\l__coffin_offset_y_dim=\dimen196
\l__coffin_x_dim=\dimen197
\l__coffin_y_dim=\dimen198
\l__coffin_x_prime_dim=\dimen199
Normal \dimen register pool exhausted, switching to extended pool.
\l__coffin_y_prime_dim=\dimen256
\c_empty_coffin=\box50
\l__coffin_aligned_coffin=\box51
\l__coffin_aligned_internal_coffin=\box52
\l_tmpa_coffin=\box53
\l_tmpb_coffin=\box54
\l__coffin_display_coffin=\box55
\l__coffin_display_coord_coffin=\box56
\l__coffin_display_pole_coffin=\box57
\l__coffin_display_offset_dim=\dimen257
\l__coffin_display_x_dim=\dimen258
\l__coffin_display_y_dim=\dimen259
L3 Module: l3color 2014/08/23 v5354 L3 Experimental color support
L3 Module: l3sys 2015/09/25 v6087 L3 Experimental system/runtime functions
L3 Module: l3candidates 2016/05/13 v6484 L3 Experimental additions to l3kernel
\l__box_top_dim=\dimen260
\l__box_bottom_dim=\dimen261
\l__box_left_dim=\dimen262
\l__box_right_dim=\dimen263
\l__box_top_new_dim=\dimen264
\l__box_bottom_new_dim=\dimen265
\l__box_left_new_dim=\dimen266
\l__box_right_new_dim=\dimen267
\l__box_internal_box=\box58
\l__coffin_bounding_shift_dim=\dimen268
\l__coffin_left_corner_dim=\dimen269
\l__coffin_right_corner_dim=\dimen270
\l__coffin_bottom_corner_dim=\dimen271
\l__coffin_top_corner_dim=\dimen272
\l__coffin_scaled_total_height_dim=\dimen273
\l__coffin_scaled_width_dim=\dimen274
L3 Module: l3luatex 2016/03/26 v6465 L3 Experimental LuaTeX-specific functions
)
(C:\Users\Ramiro\Desktop\latex\Latex\miktex\texmfs\install\tex\latex\l3kernel\l
3pdfmode.def
File: l3pdfmode.def 2016/03/26 v6465 L3 Experimental driver: PDF mode
\l__driver_color_stack_int=\count189
\l__driver_tmp_box=\box59
))
Package: xparse 2016/05/18 v6512 L3 Experimental document command parser
\l__xparse_current_arg_int=\count190
\l__xparse_m_args_int=\count191
\l__xparse_mandatory_args_int=\count192
\l__xparse_processor_int=\count193
\l__xparse_v_nesting_int=\count194
)
(C:\Users\Ramiro\Desktop\latex\Latex\miktex\texmfs\install\tex\latex\booktabs\b
ooktabs.sty
Package: booktabs 2005/04/14 v1.61803 publication quality tables
\heavyrulewidth=\dimen275
\lightrulewidth=\dimen276
\cmidrulewidth=\dimen277
\belowrulesep=\dimen278
\belowbottomsep=\dimen279
\aboverulesep=\dimen280
\abovetopsep=\dimen281
\cmidrulesep=\dimen282
\cmidrulekern=\dimen283
\defaultaddspace=\dimen284
\@cmidla=\count195
\@cmidlb=\count196
\@aboverulesep=\dimen285
\@belowrulesep=\dimen286
\@thisruleclass=\count197
\@lastruleclass=\count198
\@thisrulewidth=\dimen287
)
(C:\Users\Ramiro\Desktop\latex\Latex\miktex\texmfs\install\tex\latex\multirow\m
ultirow.sty)
(C:\Users\Ramiro\Desktop\latex\Latex\miktex\texmfs\install\tex\latex\placeins\p
laceins.sty
Package: placeins 2005/04/18  v 2.2
)
(C:\Users\Ramiro\Desktop\latex\Latex\miktex\texmfs\install\tex\latex\adjustbox\
adjustbox.sty
Package: adjustbox 2012/05/21 v1.0 Adjusting TeX boxes (trim, clip, ...)

(C:\Users\Ramiro\Desktop\latex\Latex\miktex\texmfs\install\tex\latex\adjustbox\
adjcalc.sty
Package: adjcalc 2012/05/16 v1.1 Provides advanced setlength with multiple back
-ends (calc, etex, pgfmath)
)
(C:\Users\Ramiro\Desktop\latex\Latex\miktex\texmfs\install\tex\latex\adjustbox\
trimclip.sty
Package: trimclip 2012/05/16 v1.0 Trim and clip general TeX material

(C:\Users\Ramiro\Desktop\latex\Latex\miktex\texmfs\install\tex\latex\collectbox
\collectbox.sty
Package: collectbox 2012/05/17 v0.4b Collect macro arguments as boxes
\collectedbox=\box60
)
\tc@llx=\dimen288
\tc@lly=\dimen289
\tc@urx=\dimen290
\tc@ury=\dimen291
Package trimclip Info: Using driver 'tc-pdftex.def'.

(C:\Users\Ramiro\Desktop\latex\Latex\miktex\texmfs\install\tex\latex\adjustbox\
tc-pdftex.def
File: tc-pdftex.def 2012/05/13 v1.0 Clipping driver for pdftex
))
\adjbox@Width=\dimen292
\adjbox@Height=\dimen293
\adjbox@Depth=\dimen294
\adjbox@Totalheight=\dimen295

(C:\Users\Ramiro\Desktop\latex\Latex\miktex\texmfs\install\tex\latex\ifoddpage\
ifoddpage.sty
Package: ifoddpage 2016/04/23 v1.1 Conditionals for odd/even page detection
\c@checkoddpage=\count199
)
(C:\Users\Ramiro\Desktop\latex\Latex\miktex\texmfs\install\tex\latex\ltxmisc\va
rwidth.sty
Package: varwidth 2009/03/30 ver 0.92;  Variable-width minipages
\@vwid@box=\box61
Normal \count register pool exhausted, switching to extended pool.
\sift@deathcycles=\count277
\@vwid@loff=\dimen296
\@vwid@roff=\dimen297
))
(C:\Users\Ramiro\Desktop\latex\Latex\miktex\texmfs\install\tex\generic\pgf\fron
tendlayer\tikz\libraries\tikzlibraryautomata.code.tex
File: tikzlibraryautomata.code.tex 2008/07/14 v3.0.1a (rcs-revision 1.3)

(C:\Users\Ramiro\Desktop\latex\Latex\miktex\texmfs\install\tex\generic\pgf\fron
tendlayer\tikz\libraries\tikzlibraryshapes.multipart.code.tex
File: tikzlibraryshapes.multipart.code.tex 2008/01/09 v3.0.1a (rcs-revision 1.1
)

(C:\Users\Ramiro\Desktop\latex\Latex\miktex\texmfs\install\tex\generic\pgf\libr
aries\shapes\pgflibraryshapes.multipart.code.tex
File: pgflibraryshapes.multipart.code.tex 2010/01/07 v3.0.1a (rcs-revision 1.2)

\pgfnodepartlowerbox=\box62
\pgfnodeparttwobox=\box63
\pgfnodepartthreebox=\box64
\pgfnodepartfourbox=\box65
\pgfnodeparttwentybox=\box66
\pgfnodepartnineteenbox=\box67
\pgfnodeparteighteenbox=\box68
\pgfnodepartseventeenbox=\box69
\pgfnodepartsixteenbox=\box70
\pgfnodepartfifteenbox=\box71
\pgfnodepartfourteenbox=\box72
\pgfnodepartthirteenbox=\box73
\pgfnodeparttwelvebox=\box74
\pgfnodepartelevenbox=\box75
\pgfnodeparttenbox=\box76
\pgfnodepartninebox=\box77
\pgfnodeparteightbox=\box78
\pgfnodepartsevenbox=\box79
\pgfnodepartsixbox=\box80
\pgfnodepartfivebox=\box81
)))
(C:\Users\Ramiro\Desktop\latex\Latex\miktex\texmfs\install\tex\generic\pgf\fron
tendlayer\tikz\libraries\tikzlibrarypositioning.code.tex
File: tikzlibrarypositioning.code.tex 2008/10/06 v3.0.1a (rcs-revision 1.7)
)
(C:\Users\Ramiro\Desktop\latex\Latex\miktex\texmfs\install\tex\generic\pgf\fron
tendlayer\tikz\libraries\tikzlibrarybabel.code.tex
File: tikzlibrarybabel.code.tex 2013/06/24 v3.0.1a (rcs-revision 1.1)
)
\c@partCounter=\count278
\c@homeworkProblemCounter=\count279
.................................................
. LaTeX info: "xparse/define-environment"
. 
. Defining environment 'homeworkProblem' with sig. 'O{-1} o' on line 123.
.................................................
) (Guia07.aux
LaTeX Info: Redefining \. on input line 7.
LaTeX Info: Redefining \% on input line 7.
)
\openout1 = `Guia07.aux'.

LaTeX Font Info:    Checking defaults for OML/cmm/m/it on input line 18.
LaTeX Font Info:    ... okay on input line 18.
LaTeX Font Info:    Checking defaults for T1/cmr/m/n on input line 18.
LaTeX Font Info:    ... okay on input line 18.
LaTeX Font Info:    Checking defaults for OT1/cmr/m/n on input line 18.
LaTeX Font Info:    ... okay on input line 18.
LaTeX Font Info:    Checking defaults for OMS/cmsy/m/n on input line 18.
LaTeX Font Info:    ... okay on input line 18.
LaTeX Font Info:    Checking defaults for OMX/cmex/m/n on input line 18.
LaTeX Font Info:    ... okay on input line 18.
LaTeX Font Info:    Checking defaults for U/cmr/m/n on input line 18.
LaTeX Font Info:    ... okay on input line 18.

(C:\Users\Ramiro\Desktop\latex\Latex\miktex\texmfs\install\tex\context\base\sup
p-pdf.mkii
[Loading MPS to PDF converter (version 2006.09.02).]
\scratchcounter=\count280
\scratchdimen=\dimen298
\scratchbox=\box82
\nofMPsegments=\count281
\nofMParguments=\count282
\everyMPshowfont=\toks52
\MPscratchCnt=\count283
\MPscratchDim=\dimen299
\MPnumerator=\count284
\makeMPintoPDFobject=\count285
\everyMPtoPDFconversion=\toks53
)
(C:\Users\Ramiro\Desktop\latex\Latex\miktex\texmfs\install\tex\generic\oberdiek
\pdftexcmds.sty
Package: pdftexcmds 2016/05/21 v0.22 Utility functions of pdfTeX for LuaTeX (HO
)

(C:\Users\Ramiro\Desktop\latex\Latex\miktex\texmfs\install\tex\generic\oberdiek
\ifluatex.sty
Package: ifluatex 2016/05/16 v1.4 Provides the ifluatex switch (HO)
Package ifluatex Info: LuaTeX not detected.
)
Package pdftexcmds Info: LuaTeX not detected.
Package pdftexcmds Info: \pdf@primitive is available.
Package pdftexcmds Info: \pdf@ifprimitive is available.
Package pdftexcmds Info: \pdfdraftmode found.
)
(C:\Users\Ramiro\Desktop\latex\Latex\miktex\texmfs\install\tex\latex\oberdiek\e
pstopdf-base.sty
Package: epstopdf-base 2016/05/15 v2.6 Base part for package epstopdf

(C:\Users\Ramiro\Desktop\latex\Latex\miktex\texmfs\install\tex\latex\oberdiek\g
rfext.sty
Package: grfext 2016/05/16 v1.2 Manage graphics extensions (HO)

(C:\Users\Ramiro\Desktop\latex\Latex\miktex\texmfs\install\tex\generic\oberdiek
\kvdefinekeys.sty
Package: kvdefinekeys 2016/05/16 v1.4 Define keys (HO)
))
(C:\Users\Ramiro\Desktop\latex\Latex\miktex\texmfs\install\tex\latex\oberdiek\k
voptions.sty
Package: kvoptions 2016/05/16 v3.12 Key value format for package options (HO)

(C:\Users\Ramiro\Desktop\latex\Latex\miktex\texmfs\install\tex\generic\oberdiek
\kvsetkeys.sty
Package: kvsetkeys 2016/05/16 v1.17 Key value parser (HO)

(C:\Users\Ramiro\Desktop\latex\Latex\miktex\texmfs\install\tex\generic\oberdiek
\etexcmds.sty
Package: etexcmds 2016/05/16 v1.6 Avoid name clashes with e-TeX commands (HO)
Package etexcmds Info: Could not find \expanded.
(etexcmds)             That can mean that you are not using pdfTeX 1.50 or
(etexcmds)             that some package has redefined \expanded.
(etexcmds)             In the latter case, load this package earlier.
)))
Package epstopdf-base Info: Redefining graphics rule for `.eps' on input line 4
38.
Package grfext Info: Graphics extension search list:
(grfext)             [.png,.pdf,.jpg,.mps,.jpeg,.jbig2,.jb2,.PNG,.PDF,.JPG,.JPE
G,.JBIG2,.JB2,.eps]
(grfext)             \AppendGraphicsExtensions on input line 456.
)
*geometry* driver: auto-detecting
*geometry* detected driver: pdftex
*geometry* verbose mode - [ preamble ] result:
* driver: pdftex
* paper: <default>
* layout: <same size as paper>
* layoutoffset:(h,v)=(0.0pt,0.0pt)
* modes: 
* h-part:(L,W,R)=(71.13188pt, 455.24411pt, 71.13188pt)
* v-part:(T,H,B)=(71.13188pt, 702.78308pt, 71.13188pt)
* \paperwidth=597.50787pt
* \paperheight=845.04684pt
* \textwidth=469.75499pt
* \textheight=650.43pt
* \oddsidemargin=0.0pt
* \evensidemargin=0.0pt
* \topmargin=-32.52127pt
* \headheight=15.0pt
* \headsep=21.68121pt
* \topskip=12.0pt
* \footskip=30.0pt
* \marginparwidth=35.0pt
* \marginparsep=10.0pt
* \columnsep=10.0pt
* \skip\footins=10.8pt plus 4.0pt minus 2.0pt
* \hoffset=0.0pt
* \voffset=0.0pt
* \mag=1000
* \@twocolumnfalse
* \@twosidefalse
* \@mparswitchfalse
* \@reversemarginfalse
* (1in=72.27pt=25.4mm, 1cm=28.453pt)

LaTeX Info: Redefining \. on input line 18.
LaTeX Info: Redefining \% on input line 18.
ABD: EveryShipout initializing macros
\c@lstlisting=\count286
LaTeX Font Info:    Try loading font information for U+lasy on input line 20.

(C:\Users\Ramiro\Desktop\latex\Latex\miktex\texmfs\install\tex\latex\base\ulasy
.fd
File: ulasy.fd 1998/08/17 v2.2e LaTeX symbol font definitions
)
LaTeX Font Info:    Try loading font information for U+msa on input line 20.

(C:\Users\Ramiro\Desktop\latex\Latex\miktex\texmfs\install\tex\latex\amsfonts\u
msa.fd
File: umsa.fd 2013/01/14 v3.01 AMS symbols A
)
LaTeX Font Info:    Try loading font information for U+msb on input line 20.

(C:\Users\Ramiro\Desktop\latex\Latex\miktex\texmfs\install\tex\latex\amsfonts\u
msb.fd
File: umsb.fd 2013/01/14 v3.01 AMS symbols B
) [1

{C:/Users/Ramiro/Desktop/latex/Latex/miktex/texmfs/data/pdftex/config/pdftex.ma
p}] (Guia07.toc
LaTeX Info: Redefining \. on input line 1.
LaTeX Info: Redefining \% on input line 1.
)
\tf@toc=\write4
\openout4 = `Guia07.toc'.

 [2] (tex/07.Problemas.06-Hughesco.tex [3])
(tex/07.Problemas.07-AscensoAcelerado.tex
Underfull \hbox (badness 10000) in paragraph at lines 12--14

 []


Underfull \hbox (badness 10000) in paragraph at lines 15--16

 []

[4]
Underfull \hbox (badness 10000) in paragraph at lines 32--34

 []


Underfull \hbox (badness 10000) in paragraph at lines 35--36

 []

) (tex/07.Problemas.08-OptimizacionNoRestringida.tex
Underfull \hbox (badness 10000) in paragraph at lines 15--17

 []


Underfull \hbox (badness 10000) in paragraph at lines 18--19

 []


Underfull \hbox (badness 10000) in paragraph at lines 29--30

 []

[5]
Underfull \hbox (badness 10000) in paragraph at lines 41--42

 []

<geo/09.png, id=30, 529.22719pt x 423.83344pt>
File: geo/09.png Graphic file (type png)
 <use geo/09.png>
Package pdftex.def Info: geo/09.png used on input line 70.
(pdftex.def)             Requested size: 469.75499pt x 376.20815pt.
 [6])
(tex/07.Problemas.09-Municipalidad.tex) (tex/07.Problemas.10-DosMercados.tex
[7 <./geo/09.png>]
Underfull \hbox (badness 10000) in paragraph at lines 17--19

 []


Underfull \hbox (badness 10000) in paragraph at lines 20--21

 []


Underfull \hbox (badness 10000) in paragraph at lines 31--32

 []

[8]
Underfull \hbox (badness 10000) in paragraph at lines 52--54

 []


LaTeX Font Warning: Command \large invalid in math mode on input line 61.


LaTeX Font Warning: Command \large invalid in math mode on input line 61.

) (tex/07.Problemas.11-Publicidad.tex [9]
Underfull \hbox (badness 10000) in paragraph at lines 31--32

 []


LaTeX Font Warning: Command \large invalid in math mode on input line 43.


LaTeX Font Warning: Command \large invalid in math mode on input line 43.

) (tex/07.Problemas.12-Quilmes.tex) (tex/07.Problemas.13-Paquete.tex [10])
[11] (Guia07.aux
LaTeX Info: Redefining \. on input line 7.
LaTeX Info: Redefining \% on input line 7.
) ) 
Here is how much of TeX's memory you used:
 26367 strings out of 493335
 515539 string characters out of 3129371
 557882 words of memory out of 3000000
 29393 multiletter control sequences out of 15000+200000
 14647 words of font info for 59 fonts, out of 3000000 for 9000
 1141 hyphenation exceptions out of 8191
 62i,17n,68p,10385b,384s stack positions out of 5000i,500n,10000p,200000b,50000s
<C:/Users/Ramiro/Desktop/latex/Latex/miktex/texmfs/install/fonts/type1/publi
c/amsfonts/cm/cmbx12.pfb><C:/Users/Ramiro/Desktop/latex/Latex/miktex/texmfs/ins
tall/fonts/type1/public/amsfonts/cm/cmex10.pfb><C:/Users/Ramiro/Desktop/latex/L
atex/miktex/texmfs/install/fonts/type1/public/amsfonts/cm/cmmi10.pfb><C:/Users/
Ramiro/Desktop/latex/Latex/miktex/texmfs/install/fonts/type1/public/amsfonts/cm
/cmmi12.pfb><C:/Users/Ramiro/Desktop/latex/Latex/miktex/texmfs/install/fonts/ty
pe1/public/amsfonts/cm/cmmi8.pfb><C:/Users/Ramiro/Desktop/latex/Latex/miktex/te
xmfs/install/fonts/type1/public/amsfonts/cm/cmr10.pfb><C:/Users/Ramiro/Desktop/
latex/Latex/miktex/texmfs/install/fonts/type1/public/amsfonts/cm/cmr12.pfb><C:/
Users/Ramiro/Desktop/latex/Latex/miktex/texmfs/install/fonts/type1/public/amsfo
nts/cm/cmr7.pfb><C:/Users/Ramiro/Desktop/latex/Latex/miktex/texmfs/install/font
s/type1/public/amsfonts/cm/cmr8.pfb><C:/Users/Ramiro/Desktop/latex/Latex/miktex
/texmfs/install/fonts/type1/public/amsfonts/cm/cmsy10.pfb><C:/Users/Ramiro/Desk
top/latex/Latex/miktex/texmfs/install/fonts/type1/public/amsfonts/cm/cmsy8.pfb>
<C:/Users/Ramiro/Desktop/latex/Latex/miktex/texmfs/install/fonts/type1/public/a
msfonts/cm/cmti12.pfb>
Output written on Guia07.pdf (11 pages, 172990 bytes).
PDF statistics:
 92 PDF objects out of 1000 (max. 8388607)
 0 named destinations out of 1000 (max. 500000)
 18 words of extra memory for PDF output out of 10000 (max. 10000000)

