This is pdfTeX, Version 3.14159265-2.6-1.40.17 (MiKTeX 2.9.6100 64-bit) (preloaded format=pdflatex 2016.12.15)  29 DEC 2016 21:23
entering extended mode
**./02A.tex
(02A.tex
LaTeX2e <2016/03/31> patch level 3
Babel <3.9r> and hyphenation patterns for 75 language(s) loaded.

! LaTeX Error: Missing \begin{document}.

See the LaTeX manual or LaTeX Companion for explanation.
Type  H <return>  for immediate help.
 ...                                              
                                                  
l.2     \begin{tabular}
                       {cccccccc}
You're in trouble here.  Try typing  <return>  to proceed.
If that doesn't work, type  X <return>  to quit.

LaTeX Font Info:    External font `cmex10' loaded for size
(Font)              <7> on input line 2.
LaTeX Font Info:    External font `cmex10' loaded for size
(Font)              <5> on input line 2.
Missing character: There is no 2 in font nullfont!
Missing character: There is no 4 in font nullfont!
Missing character: There is no 0 in font nullfont!
Missing character: There is no 0 in font nullfont!
! Undefined control sequence.
l.5 ... & 4       & 0       & 0       &  \bigstrut
                                                  [t]\\
The control sequence at the end of the top line
of your error message was never \def'ed. If you have
misspelled it (e.g., `\hobx'), type `I' and the correct
spelling (e.g., `I\hbox'). Otherwise just continue,
and I'll forget about whatever was undefined.

Missing character: There is no [ in font nullfont!
Missing character: There is no t in font nullfont!
Missing character: There is no ] in font nullfont!
Missing character: There is no C in font nullfont!
! Missing $ inserted.
<inserted text> 
                $
l.6     C_
          k     & X_k     & B_k     & A_1     & A_2     & A_3     & A_4     ...
I've inserted a begin-math/end-math symbol since I think
you left one out. Proceed, with fingers crossed.

! Extra }, or forgotten $.
<template> \unskip \hfil }
                          \hskip \tabcolsep \endtemplate 
l.6     C_k     &
                  X_k     & B_k     & A_1     & A_2     & A_3     & A_4     ...
I've deleted a group-closing symbol because it seems to be
spurious, as in `$x}$'. But perhaps the } is legitimate and
you forgot something else, as in `\hbox{$x}'. In such cases
the way to recover is to insert both the forgotten and the
deleted material, e.g., by typing `I$}'.

! Missing $ inserted.
<inserted text> 
                $
l.6     C_k     &
                  X_k     & B_k     & A_1     & A_2     & A_3     & A_4     ...
I've inserted a begin-math/end-math symbol since I think
you left one out. Proceed, with fingers crossed.

! Missing } inserted.
<inserted text> 
                }
l.6     C_k     &
                  X_k     & B_k     & A_1     & A_2     & A_3     & A_4     ...
I've inserted something that you may have forgotten.
(See the <inserted text> above.)
With luck, this will get me unwedged. But if you
really didn't forget anything, try typing `2' now; then
my insertion and my current dilemma will both disappear.

Missing character: There is no X in font nullfont!
! Missing $ inserted.
<inserted text> 
                $
l.6     C_k     & X_
                    k     & B_k     & A_1     & A_2     & A_3     & A_4     ...
I've inserted a begin-math/end-math symbol since I think
you left one out. Proceed, with fingers crossed.

! Extra }, or forgotten $.
<template> \unskip \hfil }
                          \hskip \tabcolsep \endtemplate 
l.6     C_k     & X_k     &
                            B_k     & A_1     & A_2     & A_3     & A_4     ...
I've deleted a group-closing symbol because it seems to be
spurious, as in `$x}$'. But perhaps the } is legitimate and
you forgot something else, as in `\hbox{$x}'. In such cases
the way to recover is to insert both the forgotten and the
deleted material, e.g., by typing `I$}'.

! Missing $ inserted.
<inserted text> 
                $
l.6     C_k     & X_k     &
                            B_k     & A_1     & A_2     & A_3     & A_4     ...
I've inserted a begin-math/end-math symbol since I think
you left one out. Proceed, with fingers crossed.

! Missing } inserted.
<inserted text> 
                }
l.6     C_k     & X_k     &
                            B_k     & A_1     & A_2     & A_3     & A_4     ...
I've inserted something that you may have forgotten.
(See the <inserted text> above.)
With luck, this will get me unwedged. But if you
really didn't forget anything, try typing `2' now; then
my insertion and my current dilemma will both disappear.

Missing character: There is no B in font nullfont!
! Missing $ inserted.
<inserted text> 
                $
l.6     C_k     & X_k     & B_
                              k     & A_1     & A_2     & A_3     & A_4     ...
I've inserted a begin-math/end-math symbol since I think
you left one out. Proceed, with fingers crossed.

! Extra }, or forgotten $.
<template> \unskip \hfil }
                          \hskip \tabcolsep \endtemplate 
l.6     C_k     & X_k     & B_k     &
                                      A_1     & A_2     & A_3     & A_4     ...
I've deleted a group-closing symbol because it seems to be
spurious, as in `$x}$'. But perhaps the } is legitimate and
you forgot something else, as in `\hbox{$x}'. In such cases
the way to recover is to insert both the forgotten and the
deleted material, e.g., by typing `I$}'.

! Missing $ inserted.
<inserted text> 
                $
l.6     C_k     & X_k     & B_k     &
                                      A_1     & A_2     & A_3     & A_4     ...
I've inserted a begin-math/end-math symbol since I think
you left one out. Proceed, with fingers crossed.

! Missing } inserted.
<inserted text> 
                }
l.6     C_k     & X_k     & B_k     &
                                      A_1     & A_2     & A_3     & A_4     ...
I've inserted something that you may have forgotten.
(See the <inserted text> above.)
With luck, this will get me unwedged. But if you
really didn't forget anything, try typing `2' now; then
my insertion and my current dilemma will both disappear.

Missing character: There is no A in font nullfont!
! Missing $ inserted.
<inserted text> 
                $
l.6     C_k     & X_k     & B_k     & A_
                                        1     & A_2     & A_3     & A_4     ...
I've inserted a begin-math/end-math symbol since I think
you left one out. Proceed, with fingers crossed.

! Extra }, or forgotten $.
<template> \unskip \hfil }
                          \hskip \tabcolsep \endtemplate 
l.6     C_k     & X_k     & B_k     & A_1     &
                                                A_2     & A_3     & A_4     ...
I've deleted a group-closing symbol because it seems to be
spurious, as in `$x}$'. But perhaps the } is legitimate and
you forgot something else, as in `\hbox{$x}'. In such cases
the way to recover is to insert both the forgotten and the
deleted material, e.g., by typing `I$}'.

! Missing $ inserted.
<inserted text> 
                $
l.6     C_k     & X_k     & B_k     & A_1     &
                                                A_2     & A_3     & A_4     ...
I've inserted a begin-math/end-math symbol since I think
you left one out. Proceed, with fingers crossed.

! Missing } inserted.
<inserted text> 
                }
l.6     C_k     & X_k     & B_k     & A_1     &
                                                A_2     & A_3     & A_4     ...
I've inserted something that you may have forgotten.
(See the <inserted text> above.)
With luck, this will get me unwedged. But if you
really didn't forget anything, try typing `2' now; then
my insertion and my current dilemma will both disappear.

Missing character: There is no A in font nullfont!
! Missing $ inserted.
<inserted text> 
                $
l.6     C_k     & X_k     & B_k     & A_1     & A_
                                                  2     & A_3     & A_4     ...
I've inserted a begin-math/end-math symbol since I think
you left one out. Proceed, with fingers crossed.

! Extra }, or forgotten $.
<template> \unskip \hfil }
                          \hskip \tabcolsep \endtemplate 
l.6 ...  & X_k     & B_k     & A_1     & A_2     &
                                                   A_3     & A_4     & \thet...
I've deleted a group-closing symbol because it seems to be
spurious, as in `$x}$'. But perhaps the } is legitimate and
you forgot something else, as in `\hbox{$x}'. In such cases
the way to recover is to insert both the forgotten and the
deleted material, e.g., by typing `I$}'.

! Missing $ inserted.
<inserted text> 
                $
l.6 ...  & X_k     & B_k     & A_1     & A_2     &
                                                   A_3     & A_4     & \thet...
I've inserted a begin-math/end-math symbol since I think
you left one out. Proceed, with fingers crossed.

! Missing } inserted.
<inserted text> 
                }
l.6 ...  & X_k     & B_k     & A_1     & A_2     &
                                                   A_3     & A_4     & \thet...
I've inserted something that you may have forgotten.
(See the <inserted text> above.)
With luck, this will get me unwedged. But if you
really didn't forget anything, try typing `2' now; then
my insertion and my current dilemma will both disappear.

Missing character: There is no A in font nullfont!
! Missing $ inserted.
<inserted text> 
                $
l.6 ... X_k     & B_k     & A_1     & A_2     & A_
                                                  3     & A_4     & \theta_i...
I've inserted a begin-math/end-math symbol since I think
you left one out. Proceed, with fingers crossed.

! Extra }, or forgotten $.
<template> \unskip \hfil }
                          \hskip \tabcolsep \endtemplate 
l.6 ...  & B_k     & A_1     & A_2     & A_3     &
                                                   A_4     & \theta_i = b_i/...
I've deleted a group-closing symbol because it seems to be
spurious, as in `$x}$'. But perhaps the } is legitimate and
you forgot something else, as in `\hbox{$x}'. In such cases
the way to recover is to insert both the forgotten and the
deleted material, e.g., by typing `I$}'.

! Missing $ inserted.
<inserted text> 
                $
l.6 ...  & B_k     & A_1     & A_2     & A_3     &
                                                   A_4     & \theta_i = b_i/...
I've inserted a begin-math/end-math symbol since I think
you left one out. Proceed, with fingers crossed.

! Missing } inserted.
<inserted text> 
                }
l.6 ...  & B_k     & A_1     & A_2     & A_3     &
                                                   A_4     & \theta_i = b_i/...
I've inserted something that you may have forgotten.
(See the <inserted text> above.)
With luck, this will get me unwedged. But if you
really didn't forget anything, try typing `2' now; then
my insertion and my current dilemma will both disappear.

Missing character: There is no A in font nullfont!
! Missing $ inserted.
<inserted text> 
                $
l.6 ... B_k     & A_1     & A_2     & A_3     & A_
                                                  4     & \theta_i = b_i/a_{...
I've inserted a begin-math/end-math symbol since I think
you left one out. Proceed, with fingers crossed.

! Extra }, or forgotten $.
<template> \unskip \hfil }
                          \hskip \tabcolsep \endtemplate 
l.6 ...  & A_1     & A_2     & A_3     & A_4     &
                                                   \theta_i = b_i/a_{ij} \bi...
I've deleted a group-closing symbol because it seems to be
spurious, as in `$x}$'. But perhaps the } is legitimate and
you forgot something else, as in `\hbox{$x}'. In such cases
the way to recover is to insert both the forgotten and the
deleted material, e.g., by typing `I$}'.

! Missing $ inserted.
<inserted text> 
                $
l.6 ...  & A_1     & A_2     & A_3     & A_4     &
                                                   \theta_i = b_i/a_{ij} \bi...
I've inserted a begin-math/end-math symbol since I think
you left one out. Proceed, with fingers crossed.

! Missing } inserted.
<inserted text> 
                }
l.6 ...  & A_1     & A_2     & A_3     & A_4     &
                                                   \theta_i = b_i/a_{ij} \bi...
I've inserted something that you may have forgotten.
(See the <inserted text> above.)
With luck, this will get me unwedged. But if you
really didn't forget anything, try typing `2' now; then
my insertion and my current dilemma will both disappear.

! Missing $ inserted.
<inserted text> 
                $
l.6 ...     & A_2     & A_3     & A_4     & \theta
                                                  _i = b_i/a_{ij} \bigstrut[...
I've inserted a begin-math/end-math symbol since I think
you left one out. Proceed, with fingers crossed.

! Undefined control sequence.
l.6 ...& A_4     & \theta_i = b_i/a_{ij} \bigstrut
                                                  [b]\\
The control sequence at the end of the top line
of your error message was never \def'ed. If you have
misspelled it (e.g., `\hobx'), type `I' and the correct
spelling (e.g., `I\hbox'). Otherwise just continue,
and I'll forget about whatever was undefined.

! Extra }, or forgotten $.
<template> \unskip \hfil }
                          \hskip \tabcolsep \endtemplate 
l.7     \hline
              
I've deleted a group-closing symbol because it seems to be
spurious, as in `$x}$'. But perhaps the } is legitimate and
you forgot something else, as in `\hbox{$x}'. In such cases
the way to recover is to insert both the forgotten and the
deleted material, e.g., by typing `I$}'.

! Missing $ inserted.
<inserted text> 
                $
l.7     \hline
              
I've inserted a begin-math/end-math symbol since I think
you left one out. Proceed, with fingers crossed.

! Missing } inserted.
<inserted text> 
                }
l.7     \hline
              
I've inserted something that you may have forgotten.
(See the <inserted text> above.)
With luck, this will get me unwedged. But if you
really didn't forget anything, try typing `2' now; then
my insertion and my current dilemma will both disappear.

Missing character: There is no 0 in font nullfont!
! Undefined control sequence.
l.8     0       & \textcolor
                            [rgb]{ 1,  0,  0}{\textbf{X_3}} & 5       & 1   ...
The control sequence at the end of the top line
of your error message was never \def'ed. If you have
misspelled it (e.g., `\hobx'), type `I' and the correct
spelling (e.g., `I\hbox'). Otherwise just continue,
and I'll forget about whatever was undefined.

Missing character: There is no [ in font nullfont!
Missing character: There is no r in font nullfont!
Missing character: There is no g in font nullfont!
Missing character: There is no b in font nullfont!
Missing character: There is no ] in font nullfont!
Missing character: There is no 1 in font nullfont!
Missing character: There is no , in font nullfont!
Missing character: There is no 0 in font nullfont!
Missing character: There is no , in font nullfont!
Missing character: There is no 0 in font nullfont!
! Missing $ inserted.
<inserted text> 
                $
l.8 ... & \textcolor[rgb]{ 1,  0,  0}{\textbf{X_3}
                                                  } & 5       & 1       & \t...
I've inserted a begin-math/end-math symbol since I think
you left one out. Proceed, with fingers crossed.

! Extra }, or forgotten $.
<recently read> \egroup 
                        
l.8 ... & \textcolor[rgb]{ 1,  0,  0}{\textbf{X_3}
                                                  } & 5       & 1       & \t...
I've deleted a group-closing symbol because it seems to be
spurious, as in `$x}$'. But perhaps the } is legitimate and
you forgot something else, as in `\hbox{$x}'. In such cases
the way to recover is to insert both the forgotten and the
deleted material, e.g., by typing `I$}'.

! Extra }, or forgotten $.
l.8 ...& \textcolor[rgb]{ 1,  0,  0}{\textbf{X_3}}
                                                   & 5       & 1       & \te...
I've deleted a group-closing symbol because it seems to be
spurious, as in `$x}$'. But perhaps the } is legitimate and
you forgot something else, as in `\hbox{$x}'. In such cases
the way to recover is to insert both the forgotten and the
deleted material, e.g., by typing `I$}'.

! Missing } inserted.
<inserted text> 
                }
l.8 ...\textcolor[rgb]{ 1,  0,  0}{\textbf{X_3}} &
                                                   5       & 1       & \text...
I've put in what seems to be necessary to fix
the current column of the current alignment.
Try to go on, since this might almost work.

! Extra }, or forgotten $.
<inserted text> }
                 
l.8 ...\textcolor[rgb]{ 1,  0,  0}{\textbf{X_3}} &
                                                   5       & 1       & \text...
I've deleted a group-closing symbol because it seems to be
spurious, as in `$x}$'. But perhaps the } is legitimate and
you forgot something else, as in `\hbox{$x}'. In such cases
the way to recover is to insert both the forgotten and the
deleted material, e.g., by typing `I$}'.

! Missing } inserted.
<inserted text> 
                }
l.8 ...\textcolor[rgb]{ 1,  0,  0}{\textbf{X_3}} &
                                                   5       & 1       & \text...
I've put in what seems to be necessary to fix
the current column of the current alignment.
Try to go on, since this might almost work.

! Extra }, or forgotten $.
<inserted text> }
                 
l.8 ...\textcolor[rgb]{ 1,  0,  0}{\textbf{X_3}} &
                                                   5       & 1       & \text...
I've deleted a group-closing symbol because it seems to be
spurious, as in `$x}$'. But perhaps the } is legitimate and
you forgot something else, as in `\hbox{$x}'. In such cases
the way to recover is to insert both the forgotten and the
deleted material, e.g., by typing `I$}'.

! Missing } inserted.
<inserted text> 
                }
l.8 ...\textcolor[rgb]{ 1,  0,  0}{\textbf{X_3}} &
                                                   5       & 1       & \text...
I've put in what seems to be necessary to fix
the current column of the current alignment.
Try to go on, since this might almost work.

! Extra }, or forgotten $.
<inserted text> }
                 
l.8 ...\textcolor[rgb]{ 1,  0,  0}{\textbf{X_3}} &
                                                   5       & 1       & \text...
I've deleted a group-closing symbol because it seems to be
spurious, as in `$x}$'. But perhaps the } is legitimate and
you forgot something else, as in `\hbox{$x}'. In such cases
the way to recover is to insert both the forgotten and the
deleted material, e.g., by typing `I$}'.

! Missing } inserted.
<inserted text> 
                }
l.8 ...\textcolor[rgb]{ 1,  0,  0}{\textbf{X_3}} &
                                                   5       & 1       & \text...
I've put in what seems to be necessary to fix
the current column of the current alignment.
Try to go on, since this might almost work.

! Extra }, or forgotten $.
<inserted text> }
                 
l.8 ...\textcolor[rgb]{ 1,  0,  0}{\textbf{X_3}} &
                                                   5       & 1       & \text...
I've deleted a group-closing symbol because it seems to be
spurious, as in `$x}$'. But perhaps the } is legitimate and
you forgot something else, as in `\hbox{$x}'. In such cases
the way to recover is to insert both the forgotten and the
deleted material, e.g., by typing `I$}'.

! Missing } inserted.
<inserted text> 
                }
l.8 ...\textcolor[rgb]{ 1,  0,  0}{\textbf{X_3}} &
                                                   5       & 1       & \text...
I've put in what seems to be necessary to fix
the current column of the current alignment.
Try to go on, since this might almost work.

! Extra }, or forgotten $.
<inserted text> }
                 
l.8 ...\textcolor[rgb]{ 1,  0,  0}{\textbf{X_3}} &
                                                   5       & 1       & \text...
I've deleted a group-closing symbol because it seems to be
spurious, as in `$x}$'. But perhaps the } is legitimate and
you forgot something else, as in `\hbox{$x}'. In such cases
the way to recover is to insert both the forgotten and the
deleted material, e.g., by typing `I$}'.

! Missing } inserted.
<inserted text> 
                }
l.8 ...\textcolor[rgb]{ 1,  0,  0}{\textbf{X_3}} &
                                                   5       & 1       & \text...
I've put in what seems to be necessary to fix
the current column of the current alignment.
Try to go on, since this might almost work.

! Extra }, or forgotten $.
<inserted text> }
                 
l.8 ...\textcolor[rgb]{ 1,  0,  0}{\textbf{X_3}} &
                                                   5       & 1       & \text...
I've deleted a group-closing symbol because it seems to be
spurious, as in `$x}$'. But perhaps the } is legitimate and
you forgot something else, as in `\hbox{$x}'. In such cases
the way to recover is to insert both the forgotten and the
deleted material, e.g., by typing `I$}'.

! Missing } inserted.
<inserted text> 
                }
l.8 ...\textcolor[rgb]{ 1,  0,  0}{\textbf{X_3}} &
                                                   5       & 1       & \text...
I've put in what seems to be necessary to fix
the current column of the current alignment.
Try to go on, since this might almost work.

! Extra }, or forgotten $.
<inserted text> }
                 
l.8 ...\textcolor[rgb]{ 1,  0,  0}{\textbf{X_3}} &
                                                   5       & 1       & \text...
I've deleted a group-closing symbol because it seems to be
spurious, as in `$x}$'. But perhaps the } is legitimate and
you forgot something else, as in `\hbox{$x}'. In such cases
the way to recover is to insert both the forgotten and the
deleted material, e.g., by typing `I$}'.

! Missing } inserted.
<inserted text> 
                }
l.8 ...\textcolor[rgb]{ 1,  0,  0}{\textbf{X_3}} &
                                                   5       & 1       & \text...
I've put in what seems to be necessary to fix
the current column of the current alignment.
Try to go on, since this might almost work.

! Extra }, or forgotten $.
<inserted text> }
                 
l.8 ...\textcolor[rgb]{ 1,  0,  0}{\textbf{X_3}} &
                                                   5       & 1       & \text...
I've deleted a group-closing symbol because it seems to be
spurious, as in `$x}$'. But perhaps the } is legitimate and
you forgot something else, as in `\hbox{$x}'. In such cases
the way to recover is to insert both the forgotten and the
deleted material, e.g., by typing `I$}'.

! Missing } inserted.
<inserted text> 
                }
l.8 ...\textcolor[rgb]{ 1,  0,  0}{\textbf{X_3}} &
                                                   5       & 1       & \text...
I've put in what seems to be necessary to fix
the current column of the current alignment.
Try to go on, since this might almost work.

! Extra }, or forgotten $.
<inserted text> }
                 
l.8 ...\textcolor[rgb]{ 1,  0,  0}{\textbf{X_3}} &
                                                   5       & 1       & \text...
I've deleted a group-closing symbol because it seems to be
spurious, as in `$x}$'. But perhaps the } is legitimate and
you forgot something else, as in `\hbox{$x}'. In such cases
the way to recover is to insert both the forgotten and the
deleted material, e.g., by typing `I$}'.

! Missing } inserted.
<inserted text> 
                }
l.8 ...\textcolor[rgb]{ 1,  0,  0}{\textbf{X_3}} &
                                                   5       & 1       & \text...
I've put in what seems to be necessary to fix
the current column of the current alignment.
Try to go on, since this might almost work.

! Extra }, or forgotten $.
<inserted text> }
                 
l.8 ...\textcolor[rgb]{ 1,  0,  0}{\textbf{X_3}} &
                                                   5       & 1       & \text...
I've deleted a group-closing symbol because it seems to be
spurious, as in `$x}$'. But perhaps the } is legitimate and
you forgot something else, as in `\hbox{$x}'. In such cases
the way to recover is to insert both the forgotten and the
deleted material, e.g., by typing `I$}'.

! Missing } inserted.
<inserted text> 
                }
l.8 ...\textcolor[rgb]{ 1,  0,  0}{\textbf{X_3}} &
                                                   5       & 1       & \text...
I've put in what seems to be necessary to fix
the current column of the current alignment.
Try to go on, since this might almost work.

! Extra }, or forgotten $.
<inserted text> }
                 
l.8 ...\textcolor[rgb]{ 1,  0,  0}{\textbf{X_3}} &
                                                   5       & 1       & \text...
I've deleted a group-closing symbol because it seems to be
spurious, as in `$x}$'. But perhaps the } is legitimate and
you forgot something else, as in `\hbox{$x}'. In such cases
the way to recover is to insert both the forgotten and the
deleted material, e.g., by typing `I$}'.

! Missing } inserted.
<inserted text> 
                }
l.8 ...\textcolor[rgb]{ 1,  0,  0}{\textbf{X_3}} &
                                                   5       & 1       & \text...
I've put in what seems to be necessary to fix
the current column of the current alignment.
Try to go on, since this might almost work.

! Extra }, or forgotten $.
<inserted text> }
                 
l.8 ...\textcolor[rgb]{ 1,  0,  0}{\textbf{X_3}} &
                                                   5       & 1       & \text...
I've deleted a group-closing symbol because it seems to be
spurious, as in `$x}$'. But perhaps the } is legitimate and
you forgot something else, as in `\hbox{$x}'. In such cases
the way to recover is to insert both the forgotten and the
deleted material, e.g., by typing `I$}'.

! Missing } inserted.
<inserted text> 
                }
l.8 ...\textcolor[rgb]{ 1,  0,  0}{\textbf{X_3}} &
                                                   5       & 1       & \text...
I've put in what seems to be necessary to fix
the current column of the current alignment.
Try to go on, since this might almost work.

! Extra }, or forgotten $.
<inserted text> }
                 
l.8 ...\textcolor[rgb]{ 1,  0,  0}{\textbf{X_3}} &
                                                   5       & 1       & \text...
I've deleted a group-closing symbol because it seems to be
spurious, as in `$x}$'. But perhaps the } is legitimate and
you forgot something else, as in `\hbox{$x}'. In such cases
the way to recover is to insert both the forgotten and the
deleted material, e.g., by typing `I$}'.

! Missing } inserted.
<inserted text> 
                }
l.8 ...\textcolor[rgb]{ 1,  0,  0}{\textbf{X_3}} &
                                                   5       & 1       & \text...
I've put in what seems to be necessary to fix
the current column of the current alignment.
Try to go on, since this might almost work.

! Extra }, or forgotten $.
<inserted text> }
                 
l.8 ...\textcolor[rgb]{ 1,  0,  0}{\textbf{X_3}} &
                                                   5       & 1       & \text...
I've deleted a group-closing symbol because it seems to be
spurious, as in `$x}$'. But perhaps the } is legitimate and
you forgot something else, as in `\hbox{$x}'. In such cases
the way to recover is to insert both the forgotten and the
deleted material, e.g., by typing `I$}'.

! Missing } inserted.
<inserted text> 
                }
l.8 ...\textcolor[rgb]{ 1,  0,  0}{\textbf{X_3}} &
                                                   5       & 1       & \text...
I've put in what seems to be necessary to fix
the current column of the current alignment.
Try to go on, since this might almost work.

! Extra }, or forgotten $.
<inserted text> }
                 
l.8 ...\textcolor[rgb]{ 1,  0,  0}{\textbf{X_3}} &
                                                   5       & 1       & \text...
I've deleted a group-closing symbol because it seems to be
spurious, as in `$x}$'. But perhaps the } is legitimate and
you forgot something else, as in `\hbox{$x}'. In such cases
the way to recover is to insert both the forgotten and the
deleted material, e.g., by typing `I$}'.

! Missing } inserted.
<inserted text> 
                }
l.8 ...\textcolor[rgb]{ 1,  0,  0}{\textbf{X_3}} &
                                                   5       & 1       & \text...
I've put in what seems to be necessary to fix
the current column of the current alignment.
Try to go on, since this might almost work.

! Extra }, or forgotten $.
<inserted text> }
                 
l.8 ...\textcolor[rgb]{ 1,  0,  0}{\textbf{X_3}} &
                                                   5       & 1       & \text...
I've deleted a group-closing symbol because it seems to be
spurious, as in `$x}$'. But perhaps the } is legitimate and
you forgot something else, as in `\hbox{$x}'. In such cases
the way to recover is to insert both the forgotten and the
deleted material, e.g., by typing `I$}'.

! Missing } inserted.
<inserted text> 
                }
l.8 ...\textcolor[rgb]{ 1,  0,  0}{\textbf{X_3}} &
                                                   5       & 1       & \text...
I've put in what seems to be necessary to fix
the current column of the current alignment.
Try to go on, since this might almost work.

! Extra }, or forgotten $.
<inserted text> }
                 
l.8 ...\textcolor[rgb]{ 1,  0,  0}{\textbf{X_3}} &
                                                   5       & 1       & \text...
I've deleted a group-closing symbol because it seems to be
spurious, as in `$x}$'. But perhaps the } is legitimate and
you forgot something else, as in `\hbox{$x}'. In such cases
the way to recover is to insert both the forgotten and the
deleted material, e.g., by typing `I$}'.

! Missing } inserted.
<inserted text> 
                }
l.8 ...\textcolor[rgb]{ 1,  0,  0}{\textbf{X_3}} &
                                                   5       & 1       & \text...
I've put in what seems to be necessary to fix
the current column of the current alignment.
Try to go on, since this might almost work.

! Extra }, or forgotten $.
<inserted text> }
                 
l.8 ...\textcolor[rgb]{ 1,  0,  0}{\textbf{X_3}} &
                                                   5       & 1       & \text...
I've deleted a group-closing symbol because it seems to be
spurious, as in `$x}$'. But perhaps the } is legitimate and
you forgot something else, as in `\hbox{$x}'. In such cases
the way to recover is to insert both the forgotten and the
deleted material, e.g., by typing `I$}'.

! Missing } inserted.
<inserted text> 
                }
l.8 ...\textcolor[rgb]{ 1,  0,  0}{\textbf{X_3}} &
                                                   5       & 1       & \text...
I've put in what seems to be necessary to fix
the current column of the current alignment.
Try to go on, since this might almost work.

! Extra }, or forgotten $.
<inserted text> }
                 
l.8 ...\textcolor[rgb]{ 1,  0,  0}{\textbf{X_3}} &
                                                   5       & 1       & \text...
I've deleted a group-closing symbol because it seems to be
spurious, as in `$x}$'. But perhaps the } is legitimate and
you forgot something else, as in `\hbox{$x}'. In such cases
the way to recover is to insert both the forgotten and the
deleted material, e.g., by typing `I$}'.

! Missing } inserted.
<inserted text> 
                }
l.8 ...\textcolor[rgb]{ 1,  0,  0}{\textbf{X_3}} &
                                                   5       & 1       & \text...
I've put in what seems to be necessary to fix
the current column of the current alignment.
Try to go on, since this might almost work.

! Extra }, or forgotten $.
<inserted text> }
                 
l.8 ...\textcolor[rgb]{ 1,  0,  0}{\textbf{X_3}} &
                                                   5       & 1       & \text...
I've deleted a group-closing symbol because it seems to be
spurious, as in `$x}$'. But perhaps the } is legitimate and
you forgot something else, as in `\hbox{$x}'. In such cases
the way to recover is to insert both the forgotten and the
deleted material, e.g., by typing `I$}'.

! Missing } inserted.
<inserted text> 
                }
l.8 ...\textcolor[rgb]{ 1,  0,  0}{\textbf{X_3}} &
                                                   5       & 1       & \text...
I've put in what seems to be necessary to fix
the current column of the current alignment.
Try to go on, since this might almost work.

! Extra }, or forgotten $.
<inserted text> }
                 
l.8 ...\textcolor[rgb]{ 1,  0,  0}{\textbf{X_3}} &
                                                   5       & 1       & \text...
I've deleted a group-closing symbol because it seems to be
spurious, as in `$x}$'. But perhaps the } is legitimate and
you forgot something else, as in `\hbox{$x}'. In such cases
the way to recover is to insert both the forgotten and the
deleted material, e.g., by typing `I$}'.

! Missing } inserted.
<inserted text> 
                }
l.8 ...\textcolor[rgb]{ 1,  0,  0}{\textbf{X_3}} &
                                                   5       & 1       & \text...
I've put in what seems to be necessary to fix
the current column of the current alignment.
Try to go on, since this might almost work.

! Extra }, or forgotten $.
<inserted text> }
                 
l.8 ...\textcolor[rgb]{ 1,  0,  0}{\textbf{X_3}} &
                                                   5       & 1       & \text...
I've deleted a group-closing symbol because it seems to be
spurious, as in `$x}$'. But perhaps the } is legitimate and
you forgot something else, as in `\hbox{$x}'. In such cases
the way to recover is to insert both the forgotten and the
deleted material, e.g., by typing `I$}'.

! Missing } inserted.
<inserted text> 
                }
l.8 ...\textcolor[rgb]{ 1,  0,  0}{\textbf{X_3}} &
                                                   5       & 1       & \text...
I've put in what seems to be necessary to fix
the current column of the current alignment.
Try to go on, since this might almost work.

! Extra }, or forgotten $.
<inserted text> }
                 
l.8 ...\textcolor[rgb]{ 1,  0,  0}{\textbf{X_3}} &
                                                   5       & 1       & \text...
I've deleted a group-closing symbol because it seems to be
spurious, as in `$x}$'. But perhaps the } is legitimate and
you forgot something else, as in `\hbox{$x}'. In such cases
the way to recover is to insert both the forgotten and the
deleted material, e.g., by typing `I$}'.

! Missing } inserted.
<inserted text> 
                }
l.8 ...\textcolor[rgb]{ 1,  0,  0}{\textbf{X_3}} &
                                                   5       & 1       & \text...
I've put in what seems to be necessary to fix
the current column of the current alignment.
Try to go on, since this might almost work.

! Extra }, or forgotten $.
<inserted text> }
                 
l.8 ...\textcolor[rgb]{ 1,  0,  0}{\textbf{X_3}} &
                                                   5       & 1       & \text...
I've deleted a group-closing symbol because it seems to be
spurious, as in `$x}$'. But perhaps the } is legitimate and
you forgot something else, as in `\hbox{$x}'. In such cases
the way to recover is to insert both the forgotten and the
deleted material, e.g., by typing `I$}'.

! Missing } inserted.
<inserted text> 
                }
l.8 ...\textcolor[rgb]{ 1,  0,  0}{\textbf{X_3}} &
                                                   5       & 1       & \text...
I've put in what seems to be necessary to fix
the current column of the current alignment.
Try to go on, since this might almost work.

! Extra }, or forgotten $.
<inserted text> }
                 
l.8 ...\textcolor[rgb]{ 1,  0,  0}{\textbf{X_3}} &
                                                   5       & 1       & \text...
I've deleted a group-closing symbol because it seems to be
spurious, as in `$x}$'. But perhaps the } is legitimate and
you forgot something else, as in `\hbox{$x}'. In such cases
the way to recover is to insert both the forgotten and the
deleted material, e.g., by typing `I$}'.

! Missing } inserted.
<inserted text> 
                }
l.8 ...\textcolor[rgb]{ 1,  0,  0}{\textbf{X_3}} &
                                                   5       & 1       & \text...
I've put in what seems to be necessary to fix
the current column of the current alignment.
Try to go on, since this might almost work.

! Extra }, or forgotten $.
<inserted text> }
                 
l.8 ...\textcolor[rgb]{ 1,  0,  0}{\textbf{X_3}} &
                                                   5       & 1       & \text...
I've deleted a group-closing symbol because it seems to be
spurious, as in `$x}$'. But perhaps the } is legitimate and
you forgot something else, as in `\hbox{$x}'. In such cases
the way to recover is to insert both the forgotten and the
deleted material, e.g., by typing `I$}'.

! Missing } inserted.
<inserted text> 
                }
l.8 ...\textcolor[rgb]{ 1,  0,  0}{\textbf{X_3}} &
                                                   5       & 1       & \text...
I've put in what seems to be necessary to fix
the current column of the current alignment.
Try to go on, since this might almost work.

! Extra }, or forgotten $.
<inserted text> }
                 
l.8 ...\textcolor[rgb]{ 1,  0,  0}{\textbf{X_3}} &
                                                   5       & 1       & \text...
I've deleted a group-closing symbol because it seems to be
spurious, as in `$x}$'. But perhaps the } is legitimate and
you forgot something else, as in `\hbox{$x}'. In such cases
the way to recover is to insert both the forgotten and the
deleted material, e.g., by typing `I$}'.

! Missing } inserted.
<inserted text> 
                }
l.8 ...\textcolor[rgb]{ 1,  0,  0}{\textbf{X_3}} &
                                                   5       & 1       & \text...
I've put in what seems to be necessary to fix
the current column of the current alignment.
Try to go on, since this might almost work.

! Extra }, or forgotten $.
<inserted text> }
                 
l.8 ...\textcolor[rgb]{ 1,  0,  0}{\textbf{X_3}} &
                                                   5       & 1       & \text...
I've deleted a group-closing symbol because it seems to be
spurious, as in `$x}$'. But perhaps the } is legitimate and
you forgot something else, as in `\hbox{$x}'. In such cases
the way to recover is to insert both the forgotten and the
deleted material, e.g., by typing `I$}'.

! Missing } inserted.
<inserted text> 
                }
l.8 ...\textcolor[rgb]{ 1,  0,  0}{\textbf{X_3}} &
                                                   5       & 1       & \text...
I've put in what seems to be necessary to fix
the current column of the current alignment.
Try to go on, since this might almost work.

! Extra }, or forgotten $.
<inserted text> }
                 
l.8 ...\textcolor[rgb]{ 1,  0,  0}{\textbf{X_3}} &
                                                   5       & 1       & \text...
I've deleted a group-closing symbol because it seems to be
spurious, as in `$x}$'. But perhaps the } is legitimate and
you forgot something else, as in `\hbox{$x}'. In such cases
the way to recover is to insert both the forgotten and the
deleted material, e.g., by typing `I$}'.

! Missing } inserted.
<inserted text> 
                }
l.8 ...\textcolor[rgb]{ 1,  0,  0}{\textbf{X_3}} &
                                                   5       & 1       & \text...
I've put in what seems to be necessary to fix
the current column of the current alignment.
Try to go on, since this might almost work.

! Extra }, or forgotten $.
<inserted text> }
                 
l.8 ...\textcolor[rgb]{ 1,  0,  0}{\textbf{X_3}} &
                                                   5       & 1       & \text...
I've deleted a group-closing symbol because it seems to be
spurious, as in `$x}$'. But perhaps the } is legitimate and
you forgot something else, as in `\hbox{$x}'. In such cases
the way to recover is to insert both the forgotten and the
deleted material, e.g., by typing `I$}'.

! Missing } inserted.
<inserted text> 
                }
l.8 ...\textcolor[rgb]{ 1,  0,  0}{\textbf{X_3}} &
                                                   5       & 1       & \text...
(That makes 100 errors; please try again.) 
Here is how much of TeX's memory you used:
 14 strings out of 493333
 275 string characters out of 3139196
 54242 words of memory out of 3000000
 3642 multiletter control sequences out of 15000+200000
 3948 words of font info for 15 fonts, out of 3000000 for 9000
 1141 hyphenation exceptions out of 8191
 19i,8n,12p,178b,142s stack positions out of 5000i,500n,10000p,200000b,50000s

!  ==> Fatal error occurred, no output PDF file produced!
